{"/home/lucky/Documents/innoblog/server/index.js": {"path":"/home/lucky/Documents/innoblog/server/index.js","statementMap":{"0":{"start":{"line":1,"column":13},"end":{"line":1,"column":28}},"1":{"start":{"line":2,"column":16},"end":{"line":2,"column":34}},"2":{"start":{"line":3,"column":17},"end":{"line":3,"column":36}},"3":{"start":{"line":5,"column":16},"end":{"line":5,"column":43}},"4":{"start":{"line":6,"column":20},"end":{"line":6,"column":50}},"5":{"start":{"line":7,"column":104},"end":{"line":7,"column":132}},"6":{"start":{"line":8,"column":16},"end":{"line":8,"column":43}},"7":{"start":{"line":9,"column":16},"end":{"line":9,"column":43}},"8":{"start":{"line":10,"column":14},"end":{"line":10,"column":39}},"9":{"start":{"line":11,"column":16},"end":{"line":11,"column":43}},"10":{"start":{"line":12,"column":13},"end":{"line":12,"column":37}},"11":{"start":{"line":13,"column":25},"end":{"line":13,"column":61}},"12":{"start":{"line":14,"column":72},"end":{"line":14,"column":105}},"13":{"start":{"line":15,"column":65},"end":{"line":15,"column":96}},"14":{"start":{"line":16,"column":96},"end":{"line":16,"column":119}},"15":{"start":{"line":17,"column":23},"end":{"line":17,"column":57}},"16":{"start":{"line":18,"column":27},"end":{"line":18,"column":65}},"17":{"start":{"line":27,"column":4},"end":{"line":27,"column":34}},"18":{"start":{"line":33,"column":4},"end":{"line":33,"column":34}},"19":{"start":{"line":35,"column":0},"end":{"line":37,"column":1}},"20":{"start":{"line":36,"column":2},"end":{"line":36,"column":29}},"21":{"start":{"line":39,"column":0},"end":{"line":39,"column":9}},"22":{"start":{"line":41,"column":12},"end":{"line":41,"column":21}},"23":{"start":{"line":42,"column":13},"end":{"line":42,"column":45}},"24":{"start":{"line":43,"column":27},"end":{"line":43,"column":29}},"25":{"start":{"line":47,"column":4},"end":{"line":47,"column":18}},"26":{"start":{"line":48,"column":4},"end":{"line":48,"column":26}},"27":{"start":{"line":49,"column":4},"end":{"line":49,"column":39}},"28":{"start":{"line":50,"column":4},"end":{"line":50,"column":55}},"29":{"start":{"line":51,"column":4},"end":{"line":51,"column":42}},"30":{"start":{"line":56,"column":2},"end":{"line":58,"column":3}},"31":{"start":{"line":57,"column":4},"end":{"line":57,"column":65}},"32":{"start":{"line":62,"column":2},"end":{"line":64,"column":3}},"33":{"start":{"line":63,"column":4},"end":{"line":63,"column":62}},"34":{"start":{"line":68,"column":2},"end":{"line":68,"column":49}},"35":{"start":{"line":72,"column":19},"end":{"line":72,"column":20}},"36":{"start":{"line":73,"column":25},"end":{"line":73,"column":26}},"37":{"start":{"line":75,"column":18},"end":{"line":75,"column":70}},"38":{"start":{"line":76,"column":21},"end":{"line":78,"column":68}},"39":{"start":{"line":77,"column":18},"end":{"line":77,"column":56}},"40":{"start":{"line":78,"column":21},"end":{"line":78,"column":67}},"41":{"start":{"line":81,"column":2},"end":{"line":81,"column":52}},"42":{"start":{"line":85,"column":17},"end":{"line":85,"column":19}},"43":{"start":{"line":88,"column":2},"end":{"line":94,"column":3}},"44":{"start":{"line":89,"column":4},"end":{"line":89,"column":37}},"45":{"start":{"line":90,"column":9},"end":{"line":94,"column":3}},"46":{"start":{"line":91,"column":4},"end":{"line":91,"column":55}},"47":{"start":{"line":92,"column":9},"end":{"line":94,"column":3}},"48":{"start":{"line":93,"column":4},"end":{"line":93,"column":56}},"49":{"start":{"line":97,"column":2},"end":{"line":103,"column":3}},"50":{"start":{"line":98,"column":4},"end":{"line":98,"column":39}},"51":{"start":{"line":99,"column":9},"end":{"line":103,"column":3}},"52":{"start":{"line":100,"column":4},"end":{"line":100,"column":58}},"53":{"start":{"line":101,"column":9},"end":{"line":103,"column":3}},"54":{"start":{"line":102,"column":4},"end":{"line":102,"column":58}},"55":{"start":{"line":106,"column":2},"end":{"line":114,"column":3}},"56":{"start":{"line":107,"column":4},"end":{"line":107,"column":44}},"57":{"start":{"line":110,"column":22},"end":{"line":110,"column":67}},"58":{"start":{"line":111,"column":4},"end":{"line":113,"column":5}},"59":{"start":{"line":112,"column":6},"end":{"line":112,"column":79}},"60":{"start":{"line":117,"column":2},"end":{"line":119,"column":3}},"61":{"start":{"line":118,"column":4},"end":{"line":118,"column":62}},"62":{"start":{"line":122,"column":2},"end":{"line":131,"column":3}},"63":{"start":{"line":123,"column":4},"end":{"line":125,"column":5}},"64":{"start":{"line":124,"column":6},"end":{"line":124,"column":44}},"65":{"start":{"line":126,"column":4},"end":{"line":130,"column":5}},"66":{"start":{"line":127,"column":6},"end":{"line":129,"column":7}},"67":{"start":{"line":128,"column":8},"end":{"line":128,"column":75}},"68":{"start":{"line":133,"column":2},"end":{"line":133,"column":15}},"69":{"start":{"line":137,"column":27},"end":{"line":137,"column":54}},"70":{"start":{"line":138,"column":2},"end":{"line":140,"column":3}},"71":{"start":{"line":139,"column":4},"end":{"line":139,"column":85}},"72":{"start":{"line":144,"column":17},"end":{"line":144,"column":19}},"73":{"start":{"line":146,"column":2},"end":{"line":150,"column":3}},"74":{"start":{"line":147,"column":4},"end":{"line":147,"column":43}},"75":{"start":{"line":148,"column":9},"end":{"line":150,"column":3}},"76":{"start":{"line":149,"column":4},"end":{"line":149,"column":59}},"77":{"start":{"line":152,"column":2},"end":{"line":152,"column":15}},"78":{"start":{"line":156,"column":17},"end":{"line":156,"column":19}},"79":{"start":{"line":158,"column":2},"end":{"line":160,"column":3}},"80":{"start":{"line":159,"column":4},"end":{"line":159,"column":54}},"81":{"start":{"line":161,"column":2},"end":{"line":163,"column":3}},"82":{"start":{"line":162,"column":4},"end":{"line":162,"column":55}},"83":{"start":{"line":164,"column":2},"end":{"line":166,"column":3}},"84":{"start":{"line":165,"column":4},"end":{"line":165,"column":54}},"85":{"start":{"line":167,"column":2},"end":{"line":175,"column":3}},"86":{"start":{"line":168,"column":4},"end":{"line":174,"column":5}},"87":{"start":{"line":169,"column":6},"end":{"line":169,"column":58}},"88":{"start":{"line":170,"column":11},"end":{"line":174,"column":5}},"89":{"start":{"line":171,"column":6},"end":{"line":171,"column":58}},"90":{"start":{"line":172,"column":11},"end":{"line":174,"column":5}},"91":{"start":{"line":173,"column":6},"end":{"line":173,"column":98}},"92":{"start":{"line":177,"column":2},"end":{"line":177,"column":15}},"93":{"start":{"line":181,"column":27},"end":{"line":181,"column":53}},"94":{"start":{"line":182,"column":2},"end":{"line":184,"column":3}},"95":{"start":{"line":183,"column":4},"end":{"line":183,"column":63}},"96":{"start":{"line":188,"column":27},"end":{"line":188,"column":56}},"97":{"start":{"line":189,"column":2},"end":{"line":191,"column":3}},"98":{"start":{"line":190,"column":4},"end":{"line":190,"column":63}},"99":{"start":{"line":195,"column":19},"end":{"line":195,"column":33}},"100":{"start":{"line":196,"column":18},"end":{"line":196,"column":26}},"101":{"start":{"line":197,"column":15},"end":{"line":197,"column":16}},"102":{"start":{"line":199,"column":2},"end":{"line":202,"column":3}},"103":{"start":{"line":200,"column":4},"end":{"line":200,"column":39}},"104":{"start":{"line":201,"column":4},"end":{"line":201,"column":15}},"105":{"start":{"line":204,"column":2},"end":{"line":204,"column":18}},"106":{"start":{"line":208,"column":19},"end":{"line":208,"column":33}},"107":{"start":{"line":209,"column":18},"end":{"line":209,"column":26}},"108":{"start":{"line":210,"column":15},"end":{"line":210,"column":16}},"109":{"start":{"line":212,"column":2},"end":{"line":215,"column":3}},"110":{"start":{"line":213,"column":4},"end":{"line":213,"column":39}},"111":{"start":{"line":214,"column":4},"end":{"line":214,"column":15}},"112":{"start":{"line":217,"column":2},"end":{"line":217,"column":18}},"113":{"start":{"line":220,"column":27},"end":{"line":225,"column":1}},"114":{"start":{"line":228,"column":23},"end":{"line":228,"column":74}},"115":{"start":{"line":230,"column":2},"end":{"line":232,"column":3}},"116":{"start":{"line":231,"column":4},"end":{"line":231,"column":21}},"117":{"start":{"line":234,"column":2},"end":{"line":236,"column":3}},"118":{"start":{"line":240,"column":2},"end":{"line":242,"column":3}},"119":{"start":{"line":241,"column":4},"end":{"line":241,"column":35}},"120":{"start":{"line":244,"column":2},"end":{"line":246,"column":3}},"121":{"start":{"line":245,"column":4},"end":{"line":245,"column":36}},"122":{"start":{"line":248,"column":2},"end":{"line":250,"column":3}},"123":{"start":{"line":249,"column":4},"end":{"line":249,"column":44}},"124":{"start":{"line":252,"column":2},"end":{"line":252,"column":82}},"125":{"start":{"line":256,"column":2},"end":{"line":256,"column":98}},"126":{"start":{"line":260,"column":2},"end":{"line":273,"column":4}},"127":{"start":{"line":277,"column":2},"end":{"line":279,"column":4}},"128":{"start":{"line":283,"column":2},"end":{"line":285,"column":4}},"129":{"start":{"line":296,"column":2},"end":{"line":296,"column":24}},"130":{"start":{"line":297,"column":2},"end":{"line":297,"column":38}},"131":{"start":{"line":298,"column":2},"end":{"line":298,"column":39}},"132":{"start":{"line":299,"column":2},"end":{"line":299,"column":54}},"133":{"start":{"line":300,"column":2},"end":{"line":300,"column":44}},"134":{"start":{"line":301,"column":2},"end":{"line":301,"column":44}},"135":{"start":{"line":302,"column":2},"end":{"line":302,"column":34}},"136":{"start":{"line":306,"column":2},"end":{"line":306,"column":24}},"137":{"start":{"line":307,"column":2},"end":{"line":307,"column":37}},"138":{"start":{"line":308,"column":2},"end":{"line":308,"column":45}},"139":{"start":{"line":309,"column":2},"end":{"line":309,"column":63}},"140":{"start":{"line":310,"column":2},"end":{"line":310,"column":38}},"141":{"start":{"line":311,"column":2},"end":{"line":311,"column":38}},"142":{"start":{"line":312,"column":2},"end":{"line":312,"column":31}},"143":{"start":{"line":323,"column":2},"end":{"line":323,"column":25}},"144":{"start":{"line":324,"column":2},"end":{"line":324,"column":38}},"145":{"start":{"line":325,"column":2},"end":{"line":325,"column":39}},"146":{"start":{"line":326,"column":2},"end":{"line":326,"column":58}},"147":{"start":{"line":327,"column":2},"end":{"line":327,"column":44}},"148":{"start":{"line":328,"column":2},"end":{"line":328,"column":44}},"149":{"start":{"line":329,"column":2},"end":{"line":329,"column":34}},"150":{"start":{"line":330,"column":2},"end":{"line":330,"column":35}},"151":{"start":{"line":334,"column":2},"end":{"line":337,"column":4}},"152":{"start":{"line":341,"column":2},"end":{"line":341,"column":82}},"153":{"start":{"line":345,"column":2},"end":{"line":345,"column":78}},"154":{"start":{"line":349,"column":2},"end":{"line":351,"column":3}},"155":{"start":{"line":350,"column":4},"end":{"line":350,"column":15}},"156":{"start":{"line":353,"column":2},"end":{"line":355,"column":3}},"157":{"start":{"line":354,"column":4},"end":{"line":354,"column":16}},"158":{"start":{"line":357,"column":2},"end":{"line":357,"column":89}},"159":{"start":{"line":361,"column":2},"end":{"line":363,"column":3}},"160":{"start":{"line":362,"column":4},"end":{"line":362,"column":16}},"161":{"start":{"line":365,"column":2},"end":{"line":365,"column":85}},"162":{"start":{"line":369,"column":2},"end":{"line":369,"column":34}},"163":{"start":{"line":373,"column":24},"end":{"line":376,"column":11}},"164":{"start":{"line":378,"column":2},"end":{"line":380,"column":3}},"165":{"start":{"line":379,"column":4},"end":{"line":379,"column":36}},"166":{"start":{"line":382,"column":2},"end":{"line":384,"column":3}},"167":{"start":{"line":383,"column":4},"end":{"line":383,"column":38}},"168":{"start":{"line":386,"column":19},"end":{"line":386,"column":38}},"169":{"start":{"line":388,"column":21},"end":{"line":390,"column":3}},"170":{"start":{"line":389,"column":30},"end":{"line":389,"column":67}},"171":{"start":{"line":392,"column":2},"end":{"line":398,"column":3}},"172":{"start":{"line":393,"column":4},"end":{"line":397,"column":6}},"173":{"start":{"line":402,"column":22},"end":{"line":405,"column":11}},"174":{"start":{"line":407,"column":2},"end":{"line":409,"column":3}},"175":{"start":{"line":408,"column":4},"end":{"line":408,"column":34}},"176":{"start":{"line":411,"column":2},"end":{"line":413,"column":3}},"177":{"start":{"line":412,"column":4},"end":{"line":412,"column":36}},"178":{"start":{"line":415,"column":17},"end":{"line":415,"column":34}},"179":{"start":{"line":416,"column":21},"end":{"line":418,"column":3}},"180":{"start":{"line":417,"column":26},"end":{"line":417,"column":59}},"181":{"start":{"line":420,"column":2},"end":{"line":426,"column":3}},"182":{"start":{"line":421,"column":4},"end":{"line":425,"column":6}},"183":{"start":{"line":430,"column":16},"end":{"line":430,"column":35}},"184":{"start":{"line":431,"column":17},"end":{"line":431,"column":37}},"185":{"start":{"line":432,"column":15},"end":{"line":432,"column":33}},"186":{"start":{"line":434,"column":2},"end":{"line":436,"column":3}},"187":{"start":{"line":435,"column":4},"end":{"line":435,"column":61}},"188":{"start":{"line":438,"column":2},"end":{"line":440,"column":3}},"189":{"start":{"line":439,"column":4},"end":{"line":439,"column":54}},"190":{"start":{"line":442,"column":49},"end":{"line":442,"column":74}},"191":{"start":{"line":444,"column":2},"end":{"line":457,"column":3}},"192":{"start":{"line":461,"column":26},"end":{"line":461,"column":76}},"193":{"start":{"line":463,"column":2},"end":{"line":465,"column":3}},"194":{"start":{"line":464,"column":4},"end":{"line":464,"column":64}},"195":{"start":{"line":468,"column":2},"end":{"line":474,"column":4}},"196":{"start":{"line":476,"column":16},"end":{"line":476,"column":44}},"197":{"start":{"line":477,"column":2},"end":{"line":477,"column":50}},"198":{"start":{"line":478,"column":2},"end":{"line":478,"column":26}},"199":{"start":{"line":479,"column":2},"end":{"line":479,"column":79}},"200":{"start":{"line":480,"column":2},"end":{"line":480,"column":30}},"201":{"start":{"line":481,"column":2},"end":{"line":481,"column":28}},"202":{"start":{"line":482,"column":2},"end":{"line":482,"column":36}},"203":{"start":{"line":483,"column":2},"end":{"line":483,"column":36}},"204":{"start":{"line":484,"column":2},"end":{"line":484,"column":24}},"205":{"start":{"line":485,"column":2},"end":{"line":485,"column":32}},"206":{"start":{"line":486,"column":2},"end":{"line":486,"column":22}},"207":{"start":{"line":487,"column":2},"end":{"line":487,"column":32}},"208":{"start":{"line":489,"column":2},"end":{"line":500,"column":3}},"209":{"start":{"line":490,"column":4},"end":{"line":493,"column":34}},"210":{"start":{"line":495,"column":4},"end":{"line":499,"column":5}},"211":{"start":{"line":496,"column":6},"end":{"line":496,"column":33}},"212":{"start":{"line":497,"column":6},"end":{"line":497,"column":40}},"213":{"start":{"line":498,"column":6},"end":{"line":498,"column":40}},"214":{"start":{"line":502,"column":2},"end":{"line":502,"column":20}},"215":{"start":{"line":503,"column":2},"end":{"line":503,"column":14}},"216":{"start":{"line":507,"column":2},"end":{"line":510,"column":4}},"217":{"start":{"line":514,"column":18},"end":{"line":539,"column":4}},"218":{"start":{"line":541,"column":2},"end":{"line":541,"column":16}},"219":{"start":{"line":545,"column":28},"end":{"line":545,"column":64}},"220":{"start":{"line":547,"column":2},"end":{"line":549,"column":3}},"221":{"start":{"line":548,"column":4},"end":{"line":548,"column":44}},"222":{"start":{"line":551,"column":2},"end":{"line":551,"column":33}},"223":{"start":{"line":555,"column":30},"end":{"line":561,"column":11}},"224":{"start":{"line":563,"column":2},"end":{"line":565,"column":3}},"225":{"start":{"line":564,"column":4},"end":{"line":564,"column":10}},"226":{"start":{"line":567,"column":29},"end":{"line":567,"column":31}},"227":{"start":{"line":569,"column":2},"end":{"line":626,"column":3}},"228":{"start":{"line":570,"column":24},"end":{"line":570,"column":59}},"229":{"start":{"line":572,"column":6},"end":{"line":573,"column":87}},"230":{"start":{"line":575,"column":4},"end":{"line":587,"column":5}},"231":{"start":{"line":576,"column":24},"end":{"line":578,"column":15}},"232":{"start":{"line":580,"column":6},"end":{"line":586,"column":8}},"233":{"start":{"line":589,"column":4},"end":{"line":589,"column":41}},"234":{"start":{"line":590,"column":4},"end":{"line":590,"column":39}},"235":{"start":{"line":591,"column":4},"end":{"line":591,"column":94}},"236":{"start":{"line":592,"column":4},"end":{"line":592,"column":53}},"237":{"start":{"line":593,"column":4},"end":{"line":593,"column":41}},"238":{"start":{"line":594,"column":4},"end":{"line":594,"column":43}},"239":{"start":{"line":595,"column":4},"end":{"line":595,"column":39}},"240":{"start":{"line":596,"column":4},"end":{"line":596,"column":43}},"241":{"start":{"line":597,"column":4},"end":{"line":597,"column":41}},"242":{"start":{"line":598,"column":4},"end":{"line":601,"column":14}},"243":{"start":{"line":602,"column":4},"end":{"line":602,"column":65}},"244":{"start":{"line":603,"column":4},"end":{"line":603,"column":77}},"245":{"start":{"line":604,"column":4},"end":{"line":604,"column":77}},"246":{"start":{"line":605,"column":4},"end":{"line":605,"column":45}},"247":{"start":{"line":606,"column":4},"end":{"line":606,"column":22}},"248":{"start":{"line":608,"column":21},"end":{"line":608,"column":82}},"249":{"start":{"line":610,"column":4},"end":{"line":622,"column":5}},"250":{"start":{"line":611,"column":6},"end":{"line":615,"column":7}},"251":{"start":{"line":612,"column":8},"end":{"line":612,"column":33}},"252":{"start":{"line":613,"column":8},"end":{"line":613,"column":63}},"253":{"start":{"line":614,"column":8},"end":{"line":614,"column":28}},"254":{"start":{"line":616,"column":11},"end":{"line":622,"column":5}},"255":{"start":{"line":617,"column":6},"end":{"line":621,"column":8}},"256":{"start":{"line":624,"column":4},"end":{"line":624,"column":60}},"257":{"start":{"line":625,"column":4},"end":{"line":625,"column":46}},"258":{"start":{"line":628,"column":2},"end":{"line":630,"column":3}},"259":{"start":{"line":629,"column":4},"end":{"line":629,"column":66}},"260":{"start":{"line":633,"column":0},"end":{"line":654,"column":1}},"261":{"start":{"line":636,"column":29},"end":{"line":642,"column":23}},"262":{"start":{"line":644,"column":6},"end":{"line":648,"column":7}},"263":{"start":{"line":645,"column":8},"end":{"line":645,"column":28}},"264":{"start":{"line":647,"column":8},"end":{"line":647,"column":28}},"265":{"start":{"line":655,"column":0},"end":{"line":655,"column":39}},"266":{"start":{"line":657,"column":0},"end":{"line":665,"column":1}},"267":{"start":{"line":660,"column":4},"end":{"line":663,"column":6}},"268":{"start":{"line":667,"column":0},"end":{"line":715,"column":1}},"269":{"start":{"line":670,"column":18},"end":{"line":670,"column":52}},"270":{"start":{"line":671,"column":17},"end":{"line":671,"column":48}},"271":{"start":{"line":673,"column":4},"end":{"line":676,"column":5}},"272":{"start":{"line":674,"column":6},"end":{"line":674,"column":85}},"273":{"start":{"line":675,"column":6},"end":{"line":675,"column":12}},"274":{"start":{"line":678,"column":4},"end":{"line":681,"column":5}},"275":{"start":{"line":679,"column":6},"end":{"line":679,"column":81}},"276":{"start":{"line":680,"column":6},"end":{"line":680,"column":12}},"277":{"start":{"line":683,"column":23},"end":{"line":683,"column":93}},"278":{"start":{"line":684,"column":25},"end":{"line":684,"column":54}},"279":{"start":{"line":686,"column":6},"end":{"line":686,"column":102}},"280":{"start":{"line":688,"column":21},"end":{"line":691,"column":6}},"281":{"start":{"line":693,"column":4},"end":{"line":697,"column":6}},"282":{"start":{"line":699,"column":17},"end":{"line":699,"column":34}},"283":{"start":{"line":700,"column":4},"end":{"line":706,"column":6}},"284":{"start":{"line":708,"column":4},"end":{"line":708,"column":43}},"285":{"start":{"line":710,"column":4},"end":{"line":713,"column":6}},"286":{"start":{"line":717,"column":0},"end":{"line":761,"column":1}},"287":{"start":{"line":720,"column":18},"end":{"line":720,"column":52}},"288":{"start":{"line":721,"column":17},"end":{"line":721,"column":55}},"289":{"start":{"line":723,"column":4},"end":{"line":726,"column":5}},"290":{"start":{"line":724,"column":6},"end":{"line":724,"column":92}},"291":{"start":{"line":725,"column":6},"end":{"line":725,"column":12}},"292":{"start":{"line":728,"column":25},"end":{"line":733,"column":30}},"293":{"start":{"line":735,"column":4},"end":{"line":738,"column":5}},"294":{"start":{"line":736,"column":6},"end":{"line":736,"column":71}},"295":{"start":{"line":737,"column":6},"end":{"line":737,"column":12}},"296":{"start":{"line":740,"column":4},"end":{"line":740,"column":40}},"297":{"start":{"line":741,"column":4},"end":{"line":741,"column":29}},"298":{"start":{"line":743,"column":30},"end":{"line":743,"column":60}},"299":{"start":{"line":744,"column":4},"end":{"line":744,"column":33}},"300":{"start":{"line":745,"column":4},"end":{"line":745,"column":21}},"301":{"start":{"line":747,"column":18},"end":{"line":747,"column":37}},"302":{"start":{"line":748,"column":4},"end":{"line":754,"column":6}},"303":{"start":{"line":756,"column":4},"end":{"line":759,"column":6}},"304":{"start":{"line":763,"column":0},"end":{"line":775,"column":1}},"305":{"start":{"line":766,"column":4},"end":{"line":771,"column":6}},"306":{"start":{"line":773,"column":4},"end":{"line":773,"column":58}},"307":{"start":{"line":777,"column":0},"end":{"line":789,"column":1}},"308":{"start":{"line":781,"column":20},"end":{"line":781,"column":60}},"309":{"start":{"line":783,"column":4},"end":{"line":787,"column":6}},"310":{"start":{"line":791,"column":0},"end":{"line":863,"column":1}},"311":{"start":{"line":795,"column":18},"end":{"line":795,"column":43}},"312":{"start":{"line":796,"column":19},"end":{"line":796,"column":47}},"313":{"start":{"line":797,"column":19},"end":{"line":797,"column":47}},"314":{"start":{"line":798,"column":25},"end":{"line":798,"column":53}},"315":{"start":{"line":800,"column":4},"end":{"line":807,"column":5}},"316":{"start":{"line":801,"column":6},"end":{"line":804,"column":7}},"317":{"start":{"line":802,"column":8},"end":{"line":802,"column":75}},"318":{"start":{"line":803,"column":8},"end":{"line":803,"column":14}},"319":{"start":{"line":806,"column":6},"end":{"line":806,"column":27}},"320":{"start":{"line":809,"column":4},"end":{"line":818,"column":5}},"321":{"start":{"line":810,"column":28},"end":{"line":810,"column":82}},"322":{"start":{"line":812,"column":6},"end":{"line":815,"column":7}},"323":{"start":{"line":813,"column":8},"end":{"line":813,"column":39}},"324":{"start":{"line":814,"column":8},"end":{"line":814,"column":14}},"325":{"start":{"line":817,"column":6},"end":{"line":817,"column":39}},"326":{"start":{"line":820,"column":4},"end":{"line":826,"column":5}},"327":{"start":{"line":821,"column":6},"end":{"line":825,"column":7}},"328":{"start":{"line":828,"column":17},"end":{"line":828,"column":61}},"329":{"start":{"line":829,"column":18},"end":{"line":833,"column":10}},"330":{"start":{"line":834,"column":17},"end":{"line":834,"column":35}},"331":{"start":{"line":836,"column":22},"end":{"line":836,"column":81}},"332":{"start":{"line":837,"column":21},"end":{"line":837,"column":40}},"333":{"start":{"line":839,"column":4},"end":{"line":845,"column":5}},"334":{"start":{"line":840,"column":6},"end":{"line":840,"column":71}},"335":{"start":{"line":841,"column":11},"end":{"line":845,"column":5}},"336":{"start":{"line":842,"column":6},"end":{"line":842,"column":31}},"337":{"start":{"line":843,"column":11},"end":{"line":845,"column":5}},"338":{"start":{"line":844,"column":6},"end":{"line":844,"column":32}},"339":{"start":{"line":847,"column":23},"end":{"line":847,"column":58}},"340":{"start":{"line":848,"column":21},"end":{"line":852,"column":6}},"341":{"start":{"line":854,"column":4},"end":{"line":861,"column":6}},"342":{"start":{"line":865,"column":0},"end":{"line":876,"column":1}},"343":{"start":{"line":869,"column":21},"end":{"line":872,"column":6}},"344":{"start":{"line":874,"column":4},"end":{"line":874,"column":31}},"345":{"start":{"line":878,"column":0},"end":{"line":899,"column":1}},"346":{"start":{"line":883,"column":4},"end":{"line":897,"column":5}},"347":{"start":{"line":884,"column":20},"end":{"line":884,"column":74}},"348":{"start":{"line":885,"column":27},"end":{"line":885,"column":84}},"349":{"start":{"line":886,"column":25},"end":{"line":886,"column":66}},"350":{"start":{"line":888,"column":6},"end":{"line":894,"column":8}},"351":{"start":{"line":896,"column":6},"end":{"line":896,"column":59}},"352":{"start":{"line":901,"column":0},"end":{"line":936,"column":1}},"353":{"start":{"line":906,"column":4},"end":{"line":934,"column":5}},"354":{"start":{"line":907,"column":19},"end":{"line":907,"column":63}},"355":{"start":{"line":908,"column":20},"end":{"line":908,"column":53}},"356":{"start":{"line":909,"column":19},"end":{"line":909,"column":37}},"357":{"start":{"line":911,"column":20},"end":{"line":913,"column":8}},"358":{"start":{"line":915,"column":35},"end":{"line":922,"column":8}},"359":{"start":{"line":924,"column":6},"end":{"line":930,"column":8}},"360":{"start":{"line":932,"column":6},"end":{"line":932,"column":51}},"361":{"start":{"line":933,"column":6},"end":{"line":933,"column":59}},"362":{"start":{"line":938,"column":0},"end":{"line":961,"column":1}},"363":{"start":{"line":942,"column":18},"end":{"line":944,"column":13}},"364":{"start":{"line":946,"column":4},"end":{"line":949,"column":5}},"365":{"start":{"line":947,"column":6},"end":{"line":947,"column":64}},"366":{"start":{"line":948,"column":6},"end":{"line":948,"column":12}},"367":{"start":{"line":951,"column":23},"end":{"line":951,"column":81}},"368":{"start":{"line":953,"column":4},"end":{"line":959,"column":6}},"369":{"start":{"line":963,"column":0},"end":{"line":1030,"column":1}},"370":{"start":{"line":968,"column":18},"end":{"line":968,"column":62}},"371":{"start":{"line":970,"column":4},"end":{"line":973,"column":5}},"372":{"start":{"line":971,"column":6},"end":{"line":971,"column":64}},"373":{"start":{"line":972,"column":6},"end":{"line":972,"column":12}},"374":{"start":{"line":975,"column":4},"end":{"line":978,"column":5}},"375":{"start":{"line":976,"column":6},"end":{"line":976,"column":94}},"376":{"start":{"line":977,"column":6},"end":{"line":977,"column":12}},"377":{"start":{"line":980,"column":4},"end":{"line":1028,"column":5}},"378":{"start":{"line":981,"column":6},"end":{"line":1002,"column":7}},"379":{"start":{"line":982,"column":8},"end":{"line":985,"column":9}},"380":{"start":{"line":983,"column":10},"end":{"line":983,"column":85}},"381":{"start":{"line":984,"column":10},"end":{"line":984,"column":16}},"382":{"start":{"line":987,"column":24},"end":{"line":987,"column":90}},"383":{"start":{"line":988,"column":8},"end":{"line":988,"column":64}},"384":{"start":{"line":989,"column":8},"end":{"line":989,"column":48}},"385":{"start":{"line":991,"column":31},"end":{"line":991,"column":92}},"386":{"start":{"line":992,"column":27},"end":{"line":992,"column":103}},"387":{"start":{"line":994,"column":8},"end":{"line":1000,"column":10}},"388":{"start":{"line":1001,"column":8},"end":{"line":1001,"column":14}},"389":{"start":{"line":1004,"column":27},"end":{"line":1004,"column":88}},"390":{"start":{"line":1006,"column":6},"end":{"line":1014,"column":7}},"391":{"start":{"line":1007,"column":8},"end":{"line":1010,"column":38}},"392":{"start":{"line":1011,"column":8},"end":{"line":1011,"column":50}},"393":{"start":{"line":1012,"column":8},"end":{"line":1012,"column":33}},"394":{"start":{"line":1013,"column":8},"end":{"line":1013,"column":71}},"395":{"start":{"line":1016,"column":29},"end":{"line":1016,"column":93}},"396":{"start":{"line":1017,"column":25},"end":{"line":1017,"column":101}},"397":{"start":{"line":1019,"column":6},"end":{"line":1025,"column":8}},"398":{"start":{"line":1027,"column":6},"end":{"line":1027,"column":59}},"399":{"start":{"line":1032,"column":0},"end":{"line":1054,"column":1}},"400":{"start":{"line":1036,"column":18},"end":{"line":1036,"column":62}},"401":{"start":{"line":1038,"column":4},"end":{"line":1041,"column":5}},"402":{"start":{"line":1039,"column":6},"end":{"line":1039,"column":64}},"403":{"start":{"line":1040,"column":6},"end":{"line":1040,"column":12}},"404":{"start":{"line":1043,"column":4},"end":{"line":1046,"column":5}},"405":{"start":{"line":1044,"column":6},"end":{"line":1044,"column":96}},"406":{"start":{"line":1045,"column":6},"end":{"line":1045,"column":12}},"407":{"start":{"line":1048,"column":4},"end":{"line":1048,"column":60}},"408":{"start":{"line":1049,"column":4},"end":{"line":1049,"column":61}},"409":{"start":{"line":1050,"column":4},"end":{"line":1050,"column":44}},"410":{"start":{"line":1052,"column":4},"end":{"line":1052,"column":61}},"411":{"start":{"line":1056,"column":0},"end":{"line":1117,"column":1}},"412":{"start":{"line":1060,"column":20},"end":{"line":1062,"column":13}},"413":{"start":{"line":1064,"column":4},"end":{"line":1067,"column":5}},"414":{"start":{"line":1065,"column":6},"end":{"line":1065,"column":66}},"415":{"start":{"line":1066,"column":6},"end":{"line":1066,"column":12}},"416":{"start":{"line":1069,"column":4},"end":{"line":1071,"column":5}},"417":{"start":{"line":1070,"column":6},"end":{"line":1070,"column":78}},"418":{"start":{"line":1073,"column":40},"end":{"line":1089,"column":6}},"419":{"start":{"line":1091,"column":23},"end":{"line":1095,"column":6}},"420":{"start":{"line":1093,"column":40},"end":{"line":1093,"column":73}},"421":{"start":{"line":1094,"column":33},"end":{"line":1094,"column":66}},"422":{"start":{"line":1097,"column":4},"end":{"line":1115,"column":6}},"423":{"start":{"line":1104,"column":8},"end":{"line":1107,"column":10}},"424":{"start":{"line":1110,"column":8},"end":{"line":1113,"column":10}},"425":{"start":{"line":1119,"column":0},"end":{"line":1191,"column":1}},"426":{"start":{"line":1124,"column":4},"end":{"line":1129,"column":5}},"427":{"start":{"line":1125,"column":6},"end":{"line":1127,"column":8}},"428":{"start":{"line":1128,"column":6},"end":{"line":1128,"column":12}},"429":{"start":{"line":1131,"column":18},"end":{"line":1131,"column":44}},"430":{"start":{"line":1132,"column":19},"end":{"line":1132,"column":46}},"431":{"start":{"line":1133,"column":17},"end":{"line":1133,"column":42}},"432":{"start":{"line":1135,"column":4},"end":{"line":1138,"column":5}},"433":{"start":{"line":1136,"column":6},"end":{"line":1136,"column":85}},"434":{"start":{"line":1137,"column":6},"end":{"line":1137,"column":12}},"435":{"start":{"line":1140,"column":4},"end":{"line":1143,"column":5}},"436":{"start":{"line":1141,"column":6},"end":{"line":1141,"column":78}},"437":{"start":{"line":1142,"column":6},"end":{"line":1142,"column":12}},"438":{"start":{"line":1145,"column":51},"end":{"line":1145,"column":76}},"439":{"start":{"line":1146,"column":20},"end":{"line":1146,"column":71}},"440":{"start":{"line":1148,"column":4},"end":{"line":1154,"column":6}},"441":{"start":{"line":1156,"column":20},"end":{"line":1178,"column":6}},"442":{"start":{"line":1180,"column":27},"end":{"line":1180,"column":88}},"443":{"start":{"line":1181,"column":23},"end":{"line":1181,"column":64}},"444":{"start":{"line":1183,"column":4},"end":{"line":1189,"column":6}},"445":{"start":{"line":1193,"column":0},"end":{"line":1225,"column":1}},"446":{"start":{"line":1197,"column":20},"end":{"line":1197,"column":68}},"447":{"start":{"line":1199,"column":4},"end":{"line":1202,"column":5}},"448":{"start":{"line":1200,"column":6},"end":{"line":1200,"column":66}},"449":{"start":{"line":1201,"column":6},"end":{"line":1201,"column":12}},"450":{"start":{"line":1204,"column":4},"end":{"line":1207,"column":5}},"451":{"start":{"line":1205,"column":6},"end":{"line":1205,"column":66}},"452":{"start":{"line":1206,"column":6},"end":{"line":1206,"column":12}},"453":{"start":{"line":1209,"column":4},"end":{"line":1215,"column":5}},"454":{"start":{"line":1210,"column":6},"end":{"line":1212,"column":7}},"455":{"start":{"line":1211,"column":19},"end":{"line":1211,"column":67}},"456":{"start":{"line":1214,"column":6},"end":{"line":1214,"column":44}},"457":{"start":{"line":1217,"column":4},"end":{"line":1217,"column":46}},"458":{"start":{"line":1218,"column":4},"end":{"line":1218,"column":24}},"459":{"start":{"line":1220,"column":4},"end":{"line":1223,"column":6}},"460":{"start":{"line":1227,"column":0},"end":{"line":1267,"column":1}},"461":{"start":{"line":1231,"column":20},"end":{"line":1231,"column":68}},"462":{"start":{"line":1232,"column":17},"end":{"line":1232,"column":42}},"463":{"start":{"line":1234,"column":4},"end":{"line":1237,"column":5}},"464":{"start":{"line":1235,"column":6},"end":{"line":1235,"column":66}},"465":{"start":{"line":1236,"column":6},"end":{"line":1236,"column":12}},"466":{"start":{"line":1239,"column":4},"end":{"line":1242,"column":5}},"467":{"start":{"line":1240,"column":6},"end":{"line":1240,"column":66}},"468":{"start":{"line":1241,"column":6},"end":{"line":1241,"column":12}},"469":{"start":{"line":1245,"column":4},"end":{"line":1245,"column":33}},"470":{"start":{"line":1247,"column":20},"end":{"line":1251,"column":6}},"471":{"start":{"line":1253,"column":4},"end":{"line":1253,"column":29}},"472":{"start":{"line":1254,"column":4},"end":{"line":1254,"column":24}},"473":{"start":{"line":1256,"column":27},"end":{"line":1256,"column":88}},"474":{"start":{"line":1257,"column":23},"end":{"line":1257,"column":64}},"475":{"start":{"line":1259,"column":4},"end":{"line":1265,"column":6}},"476":{"start":{"line":1269,"column":0},"end":{"line":1367,"column":1}},"477":{"start":{"line":1274,"column":20},"end":{"line":1274,"column":68}},"478":{"start":{"line":1275,"column":31},"end":{"line":1275,"column":64}},"479":{"start":{"line":1276,"column":37},"end":{"line":1276,"column":42}},"480":{"start":{"line":1278,"column":4},"end":{"line":1281,"column":5}},"481":{"start":{"line":1279,"column":6},"end":{"line":1279,"column":66}},"482":{"start":{"line":1280,"column":6},"end":{"line":1280,"column":12}},"483":{"start":{"line":1283,"column":4},"end":{"line":1289,"column":5}},"484":{"start":{"line":1287,"column":6},"end":{"line":1287,"column":96}},"485":{"start":{"line":1288,"column":6},"end":{"line":1288,"column":12}},"486":{"start":{"line":1291,"column":24},"end":{"line":1291,"column":50}},"487":{"start":{"line":1292,"column":25},"end":{"line":1292,"column":52}},"488":{"start":{"line":1293,"column":23},"end":{"line":1293,"column":48}},"489":{"start":{"line":1295,"column":4},"end":{"line":1298,"column":5}},"490":{"start":{"line":1296,"column":6},"end":{"line":1296,"column":85}},"491":{"start":{"line":1297,"column":6},"end":{"line":1297,"column":12}},"492":{"start":{"line":1300,"column":4},"end":{"line":1303,"column":5}},"493":{"start":{"line":1301,"column":6},"end":{"line":1301,"column":78}},"494":{"start":{"line":1302,"column":6},"end":{"line":1302,"column":12}},"495":{"start":{"line":1305,"column":4},"end":{"line":1305,"column":31}},"496":{"start":{"line":1306,"column":4},"end":{"line":1306,"column":74}},"497":{"start":{"line":1307,"column":4},"end":{"line":1307,"column":33}},"498":{"start":{"line":1308,"column":4},"end":{"line":1308,"column":86}},"499":{"start":{"line":1309,"column":4},"end":{"line":1309,"column":62}},"500":{"start":{"line":1310,"column":4},"end":{"line":1310,"column":51}},"501":{"start":{"line":1312,"column":51},"end":{"line":1312,"column":82}},"502":{"start":{"line":1314,"column":4},"end":{"line":1320,"column":6}},"503":{"start":{"line":1322,"column":4},"end":{"line":1322,"column":31}},"504":{"start":{"line":1323,"column":4},"end":{"line":1323,"column":21}},"505":{"start":{"line":1324,"column":4},"end":{"line":1324,"column":31}},"506":{"start":{"line":1326,"column":4},"end":{"line":1348,"column":5}},"507":{"start":{"line":1328,"column":8},"end":{"line":1328,"column":76}},"508":{"start":{"line":1330,"column":6},"end":{"line":1334,"column":8}},"509":{"start":{"line":1335,"column":6},"end":{"line":1335,"column":39}},"510":{"start":{"line":1336,"column":11},"end":{"line":1348,"column":5}},"511":{"start":{"line":1337,"column":6},"end":{"line":1340,"column":7}},"512":{"start":{"line":1338,"column":8},"end":{"line":1338,"column":83}},"513":{"start":{"line":1339,"column":8},"end":{"line":1339,"column":14}},"514":{"start":{"line":1342,"column":6},"end":{"line":1346,"column":8}},"515":{"start":{"line":1347,"column":6},"end":{"line":1347,"column":39}},"516":{"start":{"line":1350,"column":4},"end":{"line":1350,"column":24}},"517":{"start":{"line":1352,"column":4},"end":{"line":1354,"column":5}},"518":{"start":{"line":1353,"column":6},"end":{"line":1353,"column":56}},"519":{"start":{"line":1356,"column":27},"end":{"line":1356,"column":88}},"520":{"start":{"line":1357,"column":23},"end":{"line":1357,"column":64}},"521":{"start":{"line":1359,"column":4},"end":{"line":1365,"column":6}},"522":{"start":{"line":1369,"column":0},"end":{"line":1394,"column":1}},"523":{"start":{"line":1373,"column":20},"end":{"line":1373,"column":68}},"524":{"start":{"line":1375,"column":4},"end":{"line":1378,"column":5}},"525":{"start":{"line":1376,"column":6},"end":{"line":1376,"column":66}},"526":{"start":{"line":1377,"column":6},"end":{"line":1377,"column":12}},"527":{"start":{"line":1380,"column":4},"end":{"line":1386,"column":5}},"528":{"start":{"line":1384,"column":6},"end":{"line":1384,"column":98}},"529":{"start":{"line":1385,"column":6},"end":{"line":1385,"column":12}},"530":{"start":{"line":1388,"column":4},"end":{"line":1388,"column":54}},"531":{"start":{"line":1389,"column":4},"end":{"line":1389,"column":65}},"532":{"start":{"line":1390,"column":4},"end":{"line":1390,"column":48}},"533":{"start":{"line":1392,"column":4},"end":{"line":1392,"column":63}},"534":{"start":{"line":1396,"column":0},"end":{"line":1429,"column":1}},"535":{"start":{"line":1400,"column":20},"end":{"line":1400,"column":68}},"536":{"start":{"line":1402,"column":4},"end":{"line":1405,"column":5}},"537":{"start":{"line":1403,"column":6},"end":{"line":1403,"column":66}},"538":{"start":{"line":1404,"column":6},"end":{"line":1404,"column":12}},"539":{"start":{"line":1407,"column":20},"end":{"line":1407,"column":59}},"540":{"start":{"line":1409,"column":4},"end":{"line":1412,"column":5}},"541":{"start":{"line":1410,"column":6},"end":{"line":1410,"column":83}},"542":{"start":{"line":1411,"column":6},"end":{"line":1411,"column":12}},"543":{"start":{"line":1414,"column":4},"end":{"line":1421,"column":5}},"544":{"start":{"line":1419,"column":6},"end":{"line":1419,"column":98}},"545":{"start":{"line":1420,"column":6},"end":{"line":1420,"column":12}},"546":{"start":{"line":1423,"column":4},"end":{"line":1423,"column":48}},"547":{"start":{"line":1424,"column":4},"end":{"line":1424,"column":64}},"548":{"start":{"line":1425,"column":4},"end":{"line":1425,"column":24}},"549":{"start":{"line":1427,"column":4},"end":{"line":1427,"column":63}},"550":{"start":{"line":1431,"column":0},"end":{"line":1460,"column":1}},"551":{"start":{"line":1435,"column":20},"end":{"line":1435,"column":60}},"552":{"start":{"line":1437,"column":17},"end":{"line":1437,"column":50}},"553":{"start":{"line":1438,"column":18},"end":{"line":1438,"column":53}},"554":{"start":{"line":1439,"column":17},"end":{"line":1439,"column":35}},"555":{"start":{"line":1441,"column":18},"end":{"line":1441,"column":71}},"556":{"start":{"line":1442,"column":38},"end":{"line":1449,"column":6}},"557":{"start":{"line":1451,"column":4},"end":{"line":1458,"column":6}},"558":{"start":{"line":1462,"column":0},"end":{"line":1486,"column":1}},"559":{"start":{"line":1467,"column":4},"end":{"line":1471,"column":6}},"560":{"start":{"line":1473,"column":20},"end":{"line":1480,"column":6}},"561":{"start":{"line":1482,"column":4},"end":{"line":1484,"column":6}},"562":{"start":{"line":1488,"column":0},"end":{"line":1527,"column":1}},"563":{"start":{"line":1492,"column":20},"end":{"line":1492,"column":76}},"564":{"start":{"line":1494,"column":4},"end":{"line":1497,"column":5}},"565":{"start":{"line":1495,"column":6},"end":{"line":1495,"column":66}},"566":{"start":{"line":1496,"column":6},"end":{"line":1496,"column":12}},"567":{"start":{"line":1499,"column":17},"end":{"line":1499,"column":50}},"568":{"start":{"line":1501,"column":4},"end":{"line":1504,"column":5}},"569":{"start":{"line":1502,"column":6},"end":{"line":1502,"column":72}},"570":{"start":{"line":1503,"column":6},"end":{"line":1503,"column":12}},"571":{"start":{"line":1506,"column":17},"end":{"line":1506,"column":50}},"572":{"start":{"line":1507,"column":18},"end":{"line":1507,"column":53}},"573":{"start":{"line":1508,"column":17},"end":{"line":1508,"column":35}},"574":{"start":{"line":1510,"column":18},"end":{"line":1510,"column":63}},"575":{"start":{"line":1511,"column":38},"end":{"line":1518,"column":6}},"576":{"start":{"line":1520,"column":4},"end":{"line":1525,"column":6}},"577":{"start":{"line":1529,"column":0},"end":{"line":1568,"column":1}},"578":{"start":{"line":1533,"column":26},"end":{"line":1533,"column":82}},"579":{"start":{"line":1535,"column":4},"end":{"line":1538,"column":5}},"580":{"start":{"line":1536,"column":6},"end":{"line":1536,"column":66}},"581":{"start":{"line":1537,"column":6},"end":{"line":1537,"column":12}},"582":{"start":{"line":1540,"column":4},"end":{"line":1543,"column":5}},"583":{"start":{"line":1541,"column":6},"end":{"line":1541,"column":83}},"584":{"start":{"line":1542,"column":6},"end":{"line":1542,"column":12}},"585":{"start":{"line":1545,"column":31},"end":{"line":1545,"column":71}},"586":{"start":{"line":1546,"column":24},"end":{"line":1546,"column":74}},"587":{"start":{"line":1548,"column":4},"end":{"line":1558,"column":5}},"588":{"start":{"line":1549,"column":6},"end":{"line":1551,"column":7}},"589":{"start":{"line":1550,"column":19},"end":{"line":1550,"column":67}},"590":{"start":{"line":1552,"column":6},"end":{"line":1554,"column":7}},"591":{"start":{"line":1553,"column":19},"end":{"line":1553,"column":69}},"592":{"start":{"line":1556,"column":6},"end":{"line":1556,"column":54}},"593":{"start":{"line":1557,"column":6},"end":{"line":1557,"column":62}},"594":{"start":{"line":1560,"column":4},"end":{"line":1560,"column":72}},"595":{"start":{"line":1562,"column":23},"end":{"line":1562,"column":62}},"596":{"start":{"line":1564,"column":4},"end":{"line":1566,"column":6}},"597":{"start":{"line":1570,"column":0},"end":{"line":1589,"column":1}},"598":{"start":{"line":1575,"column":18},"end":{"line":1575,"column":75}},"599":{"start":{"line":1576,"column":23},"end":{"line":1576,"column":75}},"600":{"start":{"line":1576,"column":65},"end":{"line":1576,"column":73}},"601":{"start":{"line":1578,"column":4},"end":{"line":1587,"column":6}},"602":{"start":{"line":1579,"column":34},"end":{"line":1586,"column":7}},"603":{"start":{"line":1591,"column":0},"end":{"line":1623,"column":1}},"604":{"start":{"line":1596,"column":18},"end":{"line":1596,"column":52}},"605":{"start":{"line":1597,"column":17},"end":{"line":1597,"column":48}},"606":{"start":{"line":1599,"column":4},"end":{"line":1602,"column":5}},"607":{"start":{"line":1600,"column":6},"end":{"line":1600,"column":85}},"608":{"start":{"line":1601,"column":6},"end":{"line":1601,"column":12}},"609":{"start":{"line":1604,"column":23},"end":{"line":1604,"column":93}},"610":{"start":{"line":1605,"column":17},"end":{"line":1605,"column":58}},"611":{"start":{"line":1606,"column":30},"end":{"line":1606,"column":76}},"612":{"start":{"line":1609,"column":4},"end":{"line":1616,"column":5}},"613":{"start":{"line":1610,"column":6},"end":{"line":1612,"column":7}},"614":{"start":{"line":1611,"column":8},"end":{"line":1611,"column":88}},"615":{"start":{"line":1614,"column":6},"end":{"line":1614,"column":70}},"616":{"start":{"line":1618,"column":4},"end":{"line":1621,"column":6}},"617":{"start":{"line":1625,"column":0},"end":{"line":1665,"column":1}},"618":{"start":{"line":1630,"column":18},"end":{"line":1630,"column":52}},"619":{"start":{"line":1632,"column":4},"end":{"line":1635,"column":5}},"620":{"start":{"line":1633,"column":6},"end":{"line":1633,"column":85}},"621":{"start":{"line":1634,"column":6},"end":{"line":1634,"column":12}},"622":{"start":{"line":1637,"column":17},"end":{"line":1637,"column":46}},"623":{"start":{"line":1638,"column":4},"end":{"line":1641,"column":5}},"624":{"start":{"line":1639,"column":6},"end":{"line":1639,"column":63}},"625":{"start":{"line":1640,"column":6},"end":{"line":1640,"column":12}},"626":{"start":{"line":1643,"column":4},"end":{"line":1646,"column":5}},"627":{"start":{"line":1644,"column":6},"end":{"line":1644,"column":79}},"628":{"start":{"line":1645,"column":6},"end":{"line":1645,"column":12}},"629":{"start":{"line":1648,"column":4},"end":{"line":1648,"column":24}},"630":{"start":{"line":1649,"column":4},"end":{"line":1649,"column":49}},"631":{"start":{"line":1650,"column":4},"end":{"line":1650,"column":43}},"632":{"start":{"line":1651,"column":4},"end":{"line":1651,"column":37}},"633":{"start":{"line":1652,"column":4},"end":{"line":1652,"column":37}},"634":{"start":{"line":1653,"column":4},"end":{"line":1653,"column":21}},"635":{"start":{"line":1655,"column":4},"end":{"line":1663,"column":6}},"636":{"start":{"line":1667,"column":0},"end":{"line":1705,"column":1}},"637":{"start":{"line":1672,"column":18},"end":{"line":1672,"column":52}},"638":{"start":{"line":1674,"column":4},"end":{"line":1677,"column":5}},"639":{"start":{"line":1675,"column":6},"end":{"line":1675,"column":85}},"640":{"start":{"line":1676,"column":6},"end":{"line":1676,"column":12}},"641":{"start":{"line":1679,"column":17},"end":{"line":1679,"column":46}},"642":{"start":{"line":1680,"column":4},"end":{"line":1683,"column":5}},"643":{"start":{"line":1681,"column":6},"end":{"line":1681,"column":63}},"644":{"start":{"line":1682,"column":6},"end":{"line":1682,"column":12}},"645":{"start":{"line":1685,"column":4},"end":{"line":1688,"column":5}},"646":{"start":{"line":1686,"column":6},"end":{"line":1686,"column":81}},"647":{"start":{"line":1687,"column":6},"end":{"line":1687,"column":12}},"648":{"start":{"line":1690,"column":4},"end":{"line":1690,"column":24}},"649":{"start":{"line":1691,"column":4},"end":{"line":1691,"column":49}},"650":{"start":{"line":1692,"column":4},"end":{"line":1692,"column":43}},"651":{"start":{"line":1693,"column":4},"end":{"line":1693,"column":21}},"652":{"start":{"line":1695,"column":4},"end":{"line":1703,"column":6}},"653":{"start":{"line":1707,"column":0},"end":{"line":1752,"column":1}},"654":{"start":{"line":1712,"column":18},"end":{"line":1712,"column":62}},"655":{"start":{"line":1714,"column":4},"end":{"line":1717,"column":5}},"656":{"start":{"line":1715,"column":6},"end":{"line":1715,"column":64}},"657":{"start":{"line":1716,"column":6},"end":{"line":1716,"column":12}},"658":{"start":{"line":1719,"column":4},"end":{"line":1722,"column":5}},"659":{"start":{"line":1720,"column":6},"end":{"line":1720,"column":101}},"660":{"start":{"line":1721,"column":6},"end":{"line":1721,"column":12}},"661":{"start":{"line":1724,"column":4},"end":{"line":1727,"column":5}},"662":{"start":{"line":1725,"column":6},"end":{"line":1725,"column":93}},"663":{"start":{"line":1726,"column":6},"end":{"line":1726,"column":12}},"664":{"start":{"line":1729,"column":4},"end":{"line":1729,"column":63}},"665":{"start":{"line":1730,"column":4},"end":{"line":1730,"column":45}},"666":{"start":{"line":1731,"column":4},"end":{"line":1731,"column":31}},"667":{"start":{"line":1732,"column":4},"end":{"line":1732,"column":38}},"668":{"start":{"line":1733,"column":4},"end":{"line":1733,"column":38}},"669":{"start":{"line":1734,"column":4},"end":{"line":1734,"column":22}},"670":{"start":{"line":1736,"column":4},"end":{"line":1736,"column":60}},"671":{"start":{"line":1737,"column":4},"end":{"line":1741,"column":6}},"672":{"start":{"line":1743,"column":4},"end":{"line":1750,"column":6}},"673":{"start":{"line":1754,"column":0},"end":{"line":1790,"column":1}},"674":{"start":{"line":1759,"column":18},"end":{"line":1759,"column":62}},"675":{"start":{"line":1761,"column":4},"end":{"line":1764,"column":5}},"676":{"start":{"line":1762,"column":6},"end":{"line":1762,"column":64}},"677":{"start":{"line":1763,"column":6},"end":{"line":1763,"column":12}},"678":{"start":{"line":1766,"column":4},"end":{"line":1769,"column":5}},"679":{"start":{"line":1767,"column":6},"end":{"line":1767,"column":109}},"680":{"start":{"line":1768,"column":6},"end":{"line":1768,"column":12}},"681":{"start":{"line":1771,"column":4},"end":{"line":1774,"column":5}},"682":{"start":{"line":1772,"column":6},"end":{"line":1772,"column":102}},"683":{"start":{"line":1773,"column":6},"end":{"line":1773,"column":12}},"684":{"start":{"line":1776,"column":4},"end":{"line":1776,"column":54}},"685":{"start":{"line":1777,"column":4},"end":{"line":1777,"column":39}},"686":{"start":{"line":1778,"column":4},"end":{"line":1778,"column":22}},"687":{"start":{"line":1779,"column":4},"end":{"line":1779,"column":60}},"688":{"start":{"line":1781,"column":4},"end":{"line":1788,"column":6}},"689":{"start":{"line":1792,"column":0},"end":{"line":1814,"column":1}},"690":{"start":{"line":1797,"column":25},"end":{"line":1797,"column":67}},"691":{"start":{"line":1800,"column":6},"end":{"line":1805,"column":8}},"692":{"start":{"line":1807,"column":4},"end":{"line":1812,"column":6}},"693":{"start":{"line":1816,"column":0},"end":{"line":1899,"column":1}},"694":{"start":{"line":1821,"column":17},"end":{"line":1821,"column":61}},"695":{"start":{"line":1822,"column":18},"end":{"line":1822,"column":51}},"696":{"start":{"line":1823,"column":17},"end":{"line":1823,"column":35}},"697":{"start":{"line":1826,"column":24},"end":{"line":1829,"column":13}},"698":{"start":{"line":1831,"column":28},"end":{"line":1833,"column":28}},"699":{"start":{"line":1832,"column":23},"end":{"line":1832,"column":48}},"700":{"start":{"line":1833,"column":20},"end":{"line":1833,"column":27}},"701":{"start":{"line":1835,"column":4},"end":{"line":1837,"column":5}},"702":{"start":{"line":1836,"column":6},"end":{"line":1836,"column":76}},"703":{"start":{"line":1840,"column":32},"end":{"line":1846,"column":13}},"704":{"start":{"line":1848,"column":23},"end":{"line":1848,"column":85}},"705":{"start":{"line":1850,"column":32},"end":{"line":1889,"column":22}},"706":{"start":{"line":1852,"column":8},"end":{"line":1852,"column":42}},"707":{"start":{"line":1852,"column":30},"end":{"line":1852,"column":42}},"708":{"start":{"line":1853,"column":8},"end":{"line":1853,"column":36}},"709":{"start":{"line":1853,"column":24},"end":{"line":1853,"column":36}},"710":{"start":{"line":1854,"column":8},"end":{"line":1854,"column":37}},"711":{"start":{"line":1854,"column":25},"end":{"line":1854,"column":37}},"712":{"start":{"line":1855,"column":8},"end":{"line":1855,"column":19}},"713":{"start":{"line":1858,"column":8},"end":{"line":1887,"column":9}},"714":{"start":{"line":1859,"column":24},"end":{"line":1859,"column":33}},"715":{"start":{"line":1860,"column":25},"end":{"line":1860,"column":35}},"716":{"start":{"line":1862,"column":10},"end":{"line":1862,"column":44}},"717":{"start":{"line":1862,"column":33},"end":{"line":1862,"column":44}},"718":{"start":{"line":1864,"column":10},"end":{"line":1883,"column":11}},"719":{"start":{"line":1885,"column":10},"end":{"line":1885,"column":68}},"720":{"start":{"line":1886,"column":10},"end":{"line":1886,"column":21}},"721":{"start":{"line":1891,"column":4},"end":{"line":1897,"column":6}},"722":{"start":{"line":1901,"column":0},"end":{"line":1980,"column":1}},"723":{"start":{"line":1906,"column":31},"end":{"line":1908,"column":25}},"724":{"start":{"line":1910,"column":4},"end":{"line":1913,"column":5}},"725":{"start":{"line":1911,"column":6},"end":{"line":1911,"column":78}},"726":{"start":{"line":1912,"column":6},"end":{"line":1912,"column":12}},"727":{"start":{"line":1915,"column":4},"end":{"line":1918,"column":5}},"728":{"start":{"line":1916,"column":6},"end":{"line":1916,"column":83}},"729":{"start":{"line":1917,"column":6},"end":{"line":1917,"column":12}},"730":{"start":{"line":1920,"column":18},"end":{"line":1920,"column":42}},"731":{"start":{"line":1921,"column":19},"end":{"line":1921,"column":44}},"732":{"start":{"line":1923,"column":4},"end":{"line":1926,"column":5}},"733":{"start":{"line":1924,"column":6},"end":{"line":1924,"column":97}},"734":{"start":{"line":1925,"column":6},"end":{"line":1925,"column":12}},"735":{"start":{"line":1928,"column":20},"end":{"line":1932,"column":5}},"736":{"start":{"line":1935,"column":4},"end":{"line":1935,"column":42}},"737":{"start":{"line":1936,"column":4},"end":{"line":1936,"column":40}},"738":{"start":{"line":1937,"column":4},"end":{"line":1937,"column":44}},"739":{"start":{"line":1938,"column":4},"end":{"line":1938,"column":52}},"740":{"start":{"line":1939,"column":4},"end":{"line":1939,"column":46}},"741":{"start":{"line":1940,"column":4},"end":{"line":1940,"column":61}},"742":{"start":{"line":1941,"column":4},"end":{"line":1941,"column":35}},"743":{"start":{"line":1942,"column":4},"end":{"line":1942,"column":60}},"744":{"start":{"line":1943,"column":4},"end":{"line":1943,"column":44}},"745":{"start":{"line":1946,"column":4},"end":{"line":1968,"column":5}},"746":{"start":{"line":1947,"column":6},"end":{"line":1967,"column":8}},"747":{"start":{"line":1970,"column":4},"end":{"line":1978,"column":6}},"748":{"start":{"line":1982,"column":0},"end":{"line":2069,"column":1}},"749":{"start":{"line":1987,"column":31},"end":{"line":1989,"column":25}},"750":{"start":{"line":1991,"column":4},"end":{"line":1994,"column":5}},"751":{"start":{"line":1992,"column":6},"end":{"line":1992,"column":78}},"752":{"start":{"line":1993,"column":6},"end":{"line":1993,"column":12}},"753":{"start":{"line":1996,"column":4},"end":{"line":1999,"column":5}},"754":{"start":{"line":1997,"column":6},"end":{"line":1997,"column":83}},"755":{"start":{"line":1998,"column":6},"end":{"line":1998,"column":12}},"756":{"start":{"line":2001,"column":18},"end":{"line":2001,"column":42}},"757":{"start":{"line":2002,"column":19},"end":{"line":2002,"column":44}},"758":{"start":{"line":2004,"column":4},"end":{"line":2007,"column":5}},"759":{"start":{"line":2005,"column":6},"end":{"line":2005,"column":97}},"760":{"start":{"line":2006,"column":6},"end":{"line":2006,"column":12}},"761":{"start":{"line":2010,"column":29},"end":{"line":2014,"column":6}},"762":{"start":{"line":2016,"column":4},"end":{"line":2018,"column":5}},"763":{"start":{"line":2017,"column":6},"end":{"line":2017,"column":60}},"764":{"start":{"line":2021,"column":4},"end":{"line":2021,"column":57}},"765":{"start":{"line":2022,"column":4},"end":{"line":2022,"column":39}},"766":{"start":{"line":2023,"column":4},"end":{"line":2023,"column":53}},"767":{"start":{"line":2024,"column":4},"end":{"line":2024,"column":50}},"768":{"start":{"line":2025,"column":4},"end":{"line":2025,"column":44}},"769":{"start":{"line":2026,"column":4},"end":{"line":2026,"column":22}},"770":{"start":{"line":2029,"column":4},"end":{"line":2029,"column":42}},"771":{"start":{"line":2030,"column":4},"end":{"line":2030,"column":40}},"772":{"start":{"line":2031,"column":4},"end":{"line":2031,"column":52}},"773":{"start":{"line":2032,"column":4},"end":{"line":2032,"column":46}},"774":{"start":{"line":2033,"column":4},"end":{"line":2033,"column":61}},"775":{"start":{"line":2034,"column":4},"end":{"line":2034,"column":35}},"776":{"start":{"line":2035,"column":4},"end":{"line":2035,"column":60}},"777":{"start":{"line":2038,"column":4},"end":{"line":2058,"column":5}},"778":{"start":{"line":2039,"column":6},"end":{"line":2057,"column":8}},"779":{"start":{"line":2060,"column":4},"end":{"line":2067,"column":6}},"780":{"start":{"line":2071,"column":0},"end":{"line":2101,"column":1}},"781":{"start":{"line":2076,"column":17},"end":{"line":2076,"column":61}},"782":{"start":{"line":2077,"column":18},"end":{"line":2077,"column":51}},"783":{"start":{"line":2078,"column":17},"end":{"line":2078,"column":35}},"784":{"start":{"line":2080,"column":18},"end":{"line":2082,"column":6}},"785":{"start":{"line":2084,"column":35},"end":{"line":2091,"column":6}},"786":{"start":{"line":2093,"column":4},"end":{"line":2099,"column":6}},"787":{"start":{"line":2103,"column":0},"end":{"line":2133,"column":1}},"788":{"start":{"line":2108,"column":17},"end":{"line":2108,"column":61}},"789":{"start":{"line":2109,"column":18},"end":{"line":2109,"column":51}},"790":{"start":{"line":2110,"column":17},"end":{"line":2110,"column":35}},"791":{"start":{"line":2112,"column":18},"end":{"line":2114,"column":6}},"792":{"start":{"line":2116,"column":33},"end":{"line":2123,"column":6}},"793":{"start":{"line":2125,"column":4},"end":{"line":2131,"column":6}},"794":{"start":{"line":2135,"column":0},"end":{"line":2217,"column":1}},"795":{"start":{"line":2138,"column":17},"end":{"line":2138,"column":48}},"796":{"start":{"line":2139,"column":18},"end":{"line":2139,"column":52}},"797":{"start":{"line":2140,"column":25},"end":{"line":2140,"column":64}},"798":{"start":{"line":2141,"column":27},"end":{"line":2141,"column":68}},"799":{"start":{"line":2142,"column":27},"end":{"line":2142,"column":68}},"800":{"start":{"line":2143,"column":31},"end":{"line":2143,"column":70}},"801":{"start":{"line":2144,"column":35},"end":{"line":2144,"column":73}},"802":{"start":{"line":2145,"column":32},"end":{"line":2147,"column":13}},"803":{"start":{"line":2149,"column":4},"end":{"line":2155,"column":5}},"804":{"start":{"line":2150,"column":6},"end":{"line":2153,"column":8}},"805":{"start":{"line":2154,"column":6},"end":{"line":2154,"column":12}},"806":{"start":{"line":2157,"column":4},"end":{"line":2162,"column":5}},"807":{"start":{"line":2158,"column":6},"end":{"line":2160,"column":8}},"808":{"start":{"line":2161,"column":6},"end":{"line":2161,"column":12}},"809":{"start":{"line":2164,"column":4},"end":{"line":2169,"column":5}},"810":{"start":{"line":2165,"column":6},"end":{"line":2167,"column":8}},"811":{"start":{"line":2168,"column":6},"end":{"line":2168,"column":12}},"812":{"start":{"line":2171,"column":27},"end":{"line":2180,"column":6}},"813":{"start":{"line":2182,"column":23},"end":{"line":2182,"column":93}},"814":{"start":{"line":2184,"column":4},"end":{"line":2210,"column":6}},"815":{"start":{"line":2212,"column":4},"end":{"line":2215,"column":6}},"816":{"start":{"line":2219,"column":0},"end":{"line":2252,"column":1}},"817":{"start":{"line":2224,"column":23},"end":{"line":2224,"column":65}},"818":{"start":{"line":2226,"column":4},"end":{"line":2229,"column":5}},"819":{"start":{"line":2227,"column":6},"end":{"line":2227,"column":63}},"820":{"start":{"line":2228,"column":6},"end":{"line":2228,"column":12}},"821":{"start":{"line":2231,"column":4},"end":{"line":2234,"column":5}},"822":{"start":{"line":2232,"column":6},"end":{"line":2232,"column":85}},"823":{"start":{"line":2233,"column":6},"end":{"line":2233,"column":12}},"824":{"start":{"line":2236,"column":22},"end":{"line":2236,"column":38}},"825":{"start":{"line":2237,"column":4},"end":{"line":2237,"column":30}},"826":{"start":{"line":2238,"column":4},"end":{"line":2238,"column":27}},"827":{"start":{"line":2241,"column":4},"end":{"line":2246,"column":5}},"828":{"start":{"line":2242,"column":6},"end":{"line":2242,"column":59}},"829":{"start":{"line":2244,"column":6},"end":{"line":2244,"column":78}},"830":{"start":{"line":2248,"column":4},"end":{"line":2250,"column":6}},"831":{"start":{"line":2254,"column":0},"end":{"line":2256,"column":2}},"832":{"start":{"line":2255,"column":2},"end":{"line":2255,"column":60}},"833":{"start":{"line":2258,"column":0},"end":{"line":2276,"column":2}},"834":{"start":{"line":2259,"column":2},"end":{"line":2262,"column":3}},"835":{"start":{"line":2260,"column":4},"end":{"line":2260,"column":15}},"836":{"start":{"line":2261,"column":4},"end":{"line":2261,"column":10}},"837":{"start":{"line":2264,"column":2},"end":{"line":2264,"column":22}},"838":{"start":{"line":2265,"column":2},"end":{"line":2275,"column":4}},"839":{"start":{"line":2279,"column":2},"end":{"line":2281,"column":3}},"840":{"start":{"line":2280,"column":4},"end":{"line":2280,"column":74}},"841":{"start":{"line":2283,"column":2},"end":{"line":2285,"column":3}},"842":{"start":{"line":2284,"column":4},"end":{"line":2284,"column":73}},"843":{"start":{"line":2287,"column":2},"end":{"line":2287,"column":49}},"844":{"start":{"line":2288,"column":2},"end":{"line":2288,"column":28}},"845":{"start":{"line":2289,"column":2},"end":{"line":2289,"column":36}},"846":{"start":{"line":2291,"column":2},"end":{"line":2293,"column":4}},"847":{"start":{"line":2292,"column":4},"end":{"line":2292,"column":55}},"848":{"start":{"line":2296,"column":0},"end":{"line":2322,"column":1}},"849":{"start":{"line":2324,"column":0},"end":{"line":2329,"column":1}},"850":{"start":{"line":2325,"column":2},"end":{"line":2328,"column":4}},"851":{"start":{"line":2326,"column":4},"end":{"line":2326,"column":56}},"852":{"start":{"line":2327,"column":4},"end":{"line":2327,"column":19}}},"fnMap":{"0":{"name":"(anonymous_0)","decl":{"start":{"line":46,"column":2},"end":{"line":46,"column":3}},"loc":{"start":{"line":46,"column":49},"end":{"line":52,"column":3}},"line":46},"1":{"name":"asyncHandler","decl":{"start":{"line":55,"column":9},"end":{"line":55,"column":21}},"loc":{"start":{"line":55,"column":31},"end":{"line":59,"column":1}},"line":55},"2":{"name":"(anonymous_2)","decl":{"start":{"line":56,"column":9},"end":{"line":56,"column":10}},"loc":{"start":{"line":56,"column":38},"end":{"line":58,"column":3}},"line":56},"3":{"name":"ensure","decl":{"start":{"line":61,"column":9},"end":{"line":61,"column":15}},"loc":{"start":{"line":61,"column":92},"end":{"line":65,"column":1}},"line":61},"4":{"name":"validateEmail","decl":{"start":{"line":67,"column":9},"end":{"line":67,"column":22}},"loc":{"start":{"line":67,"column":35},"end":{"line":69,"column":1}},"line":67},"5":{"name":"normalizeTags","decl":{"start":{"line":71,"column":9},"end":{"line":71,"column":22}},"loc":{"start":{"line":71,"column":34},"end":{"line":82,"column":1}},"line":71},"6":{"name":"(anonymous_6)","decl":{"start":{"line":77,"column":9},"end":{"line":77,"column":10}},"loc":{"start":{"line":77,"column":18},"end":{"line":77,"column":56}},"line":77},"7":{"name":"(anonymous_7)","decl":{"start":{"line":78,"column":12},"end":{"line":78,"column":13}},"loc":{"start":{"line":78,"column":21},"end":{"line":78,"column":67}},"line":78},"8":{"name":"validateArticleInput","decl":{"start":{"line":84,"column":9},"end":{"line":84,"column":29}},"loc":{"start":{"line":84,"column":37},"end":{"line":134,"column":1}},"line":84},"9":{"name":"ensureValidArticleInput","decl":{"start":{"line":136,"column":9},"end":{"line":136,"column":32}},"loc":{"start":{"line":136,"column":40},"end":{"line":141,"column":1}},"line":136},"10":{"name":"validateCommentInput","decl":{"start":{"line":143,"column":9},"end":{"line":143,"column":29}},"loc":{"start":{"line":143,"column":36},"end":{"line":153,"column":1}},"line":143},"11":{"name":"validateProfileInput","decl":{"start":{"line":155,"column":9},"end":{"line":155,"column":29}},"loc":{"start":{"line":155,"column":39},"end":{"line":178,"column":1}},"line":155},"12":{"name":"ensureValidCommentInput","decl":{"start":{"line":180,"column":9},"end":{"line":180,"column":32}},"loc":{"start":{"line":180,"column":39},"end":{"line":185,"column":1}},"line":180},"13":{"name":"ensureValidProfileInput","decl":{"start":{"line":187,"column":9},"end":{"line":187,"column":32}},"loc":{"start":{"line":187,"column":42},"end":{"line":192,"column":1}},"line":187},"14":{"name":"createUniqueArticleSlug","decl":{"start":{"line":194,"column":15},"end":{"line":194,"column":38}},"loc":{"start":{"line":194,"column":46},"end":{"line":205,"column":1}},"line":194},"15":{"name":"createUniqueDraftSlug","decl":{"start":{"line":207,"column":15},"end":{"line":207,"column":36}},"loc":{"start":{"line":207,"column":44},"end":{"line":218,"column":1}},"line":207},"16":{"name":"combineArticleQuery","decl":{"start":{"line":227,"column":9},"end":{"line":227,"column":28}},"loc":{"start":{"line":227,"column":62},"end":{"line":237,"column":1}},"line":227},"17":{"name":"getArticlePublicationStatus","decl":{"start":{"line":239,"column":9},"end":{"line":239,"column":36}},"loc":{"start":{"line":239,"column":46},"end":{"line":253,"column":1}},"line":239},"18":{"name":"isArticlePubliclyVisible","decl":{"start":{"line":255,"column":9},"end":{"line":255,"column":33}},"loc":{"start":{"line":255,"column":43},"end":{"line":257,"column":1}},"line":255},"19":{"name":"buildPublicArticleQuery","decl":{"start":{"line":259,"column":9},"end":{"line":259,"column":32}},"loc":{"start":{"line":259,"column":45},"end":{"line":274,"column":1}},"line":259},"20":{"name":"buildDraftQuery","decl":{"start":{"line":276,"column":9},"end":{"line":276,"column":24}},"loc":{"start":{"line":276,"column":37},"end":{"line":280,"column":1}},"line":276},"21":{"name":"buildRequestedDraftQuery","decl":{"start":{"line":282,"column":9},"end":{"line":282,"column":33}},"loc":{"start":{"line":282,"column":46},"end":{"line":286,"column":1}},"line":282},"22":{"name":"setArticleDraftState","decl":{"start":{"line":288,"column":9},"end":{"line":288,"column":29}},"loc":{"start":{"line":295,"column":2},"end":{"line":303,"column":1}},"line":295},"23":{"name":"setArticlePendingReviewState","decl":{"start":{"line":305,"column":9},"end":{"line":305,"column":37}},"loc":{"start":{"line":305,"column":47},"end":{"line":313,"column":1}},"line":305},"24":{"name":"setArticlePublishedState","decl":{"start":{"line":315,"column":9},"end":{"line":315,"column":33}},"loc":{"start":{"line":322,"column":2},"end":{"line":331,"column":1}},"line":322},"25":{"name":"clearPendingPublicationRequests","decl":{"start":{"line":333,"column":15},"end":{"line":333,"column":46}},"loc":{"start":{"line":333,"column":58},"end":{"line":338,"column":1}},"line":333},"26":{"name":"getArticleAuthorId","decl":{"start":{"line":340,"column":9},"end":{"line":340,"column":27}},"loc":{"start":{"line":340,"column":37},"end":{"line":342,"column":1}},"line":340},"27":{"name":"getDraftAuthorId","decl":{"start":{"line":344,"column":9},"end":{"line":344,"column":25}},"loc":{"start":{"line":344,"column":33},"end":{"line":346,"column":1}},"line":344},"28":{"name":"canViewArticle","decl":{"start":{"line":348,"column":9},"end":{"line":348,"column":23}},"loc":{"start":{"line":348,"column":41},"end":{"line":358,"column":1}},"line":348},"29":{"name":"canViewDraft","decl":{"start":{"line":360,"column":9},"end":{"line":360,"column":21}},"loc":{"start":{"line":360,"column":37},"end":{"line":366,"column":1}},"line":360},"30":{"name":"canManageDraft","decl":{"start":{"line":368,"column":9},"end":{"line":368,"column":23}},"loc":{"start":{"line":368,"column":37},"end":{"line":370,"column":1}},"line":368},"31":{"name":"fetchArticleCollection","decl":{"start":{"line":372,"column":15},"end":{"line":372,"column":37}},"loc":{"start":{"line":372,"column":81},"end":{"line":399,"column":1}},"line":372},"32":{"name":"(anonymous_32)","decl":{"start":{"line":389,"column":17},"end":{"line":389,"column":18}},"loc":{"start":{"line":389,"column":30},"end":{"line":389,"column":67}},"line":389},"33":{"name":"(anonymous_33)","decl":{"start":{"line":392,"column":22},"end":{"line":392,"column":23}},"loc":{"start":{"line":393,"column":4},"end":{"line":397,"column":6}},"line":393},"34":{"name":"fetchDraftCollection","decl":{"start":{"line":401,"column":15},"end":{"line":401,"column":35}},"loc":{"start":{"line":401,"column":79},"end":{"line":427,"column":1}},"line":401},"35":{"name":"(anonymous_35)","decl":{"start":{"line":417,"column":15},"end":{"line":417,"column":16}},"loc":{"start":{"line":417,"column":26},"end":{"line":417,"column":59}},"line":417},"36":{"name":"(anonymous_36)","decl":{"start":{"line":420,"column":20},"end":{"line":420,"column":21}},"loc":{"start":{"line":421,"column":4},"end":{"line":425,"column":6}},"line":421},"37":{"name":"buildDraftPayloadFromContent","decl":{"start":{"line":429,"column":9},"end":{"line":429,"column":37}},"loc":{"start":{"line":429,"column":67},"end":{"line":458,"column":1}},"line":429},"38":{"name":"saveDraftFromRequest","decl":{"start":{"line":460,"column":15},"end":{"line":460,"column":35}},"loc":{"start":{"line":460,"column":71},"end":{"line":504,"column":1}},"line":460},"39":{"name":"clearPendingPublicationRequestsForDraft","decl":{"start":{"line":506,"column":15},"end":{"line":506,"column":54}},"loc":{"start":{"line":506,"column":64},"end":{"line":511,"column":1}},"line":506},"40":{"name":"createPublishedArticleFromDraft","decl":{"start":{"line":513,"column":15},"end":{"line":513,"column":46}},"loc":{"start":{"line":513,"column":78},"end":{"line":542,"column":1}},"line":513},"41":{"name":"getLegacyDraftStatus","decl":{"start":{"line":544,"column":9},"end":{"line":544,"column":29}},"loc":{"start":{"line":544,"column":39},"end":{"line":552,"column":1}},"line":544},"42":{"name":"migrateLegacyDraftArticles","decl":{"start":{"line":554,"column":15},"end":{"line":554,"column":41}},"loc":{"start":{"line":554,"column":44},"end":{"line":631,"column":1}},"line":554},"43":{"name":"(anonymous_43)","decl":{"start":{"line":635,"column":12},"end":{"line":635,"column":13}},"loc":{"start":{"line":635,"column":40},"end":{"line":649,"column":5}},"line":635},"44":{"name":"(anonymous_44)","decl":{"start":{"line":659,"column":15},"end":{"line":659,"column":16}},"loc":{"start":{"line":659,"column":44},"end":{"line":664,"column":3}},"line":659},"45":{"name":"(anonymous_45)","decl":{"start":{"line":669,"column":15},"end":{"line":669,"column":16}},"loc":{"start":{"line":669,"column":44},"end":{"line":714,"column":3}},"line":669},"46":{"name":"(anonymous_46)","decl":{"start":{"line":719,"column":15},"end":{"line":719,"column":16}},"loc":{"start":{"line":719,"column":44},"end":{"line":760,"column":3}},"line":719},"47":{"name":"(anonymous_47)","decl":{"start":{"line":765,"column":15},"end":{"line":765,"column":16}},"loc":{"start":{"line":765,"column":44},"end":{"line":774,"column":3}},"line":765},"48":{"name":"(anonymous_48)","decl":{"start":{"line":780,"column":15},"end":{"line":780,"column":16}},"loc":{"start":{"line":780,"column":44},"end":{"line":788,"column":3}},"line":780},"49":{"name":"(anonymous_49)","decl":{"start":{"line":794,"column":15},"end":{"line":794,"column":16}},"loc":{"start":{"line":794,"column":44},"end":{"line":862,"column":3}},"line":794},"50":{"name":"(anonymous_50)","decl":{"start":{"line":868,"column":15},"end":{"line":868,"column":16}},"loc":{"start":{"line":868,"column":44},"end":{"line":875,"column":3}},"line":868},"51":{"name":"(anonymous_51)","decl":{"start":{"line":882,"column":15},"end":{"line":882,"column":16}},"loc":{"start":{"line":882,"column":44},"end":{"line":898,"column":3}},"line":882},"52":{"name":"(anonymous_52)","decl":{"start":{"line":905,"column":15},"end":{"line":905,"column":16}},"loc":{"start":{"line":905,"column":44},"end":{"line":935,"column":3}},"line":905},"53":{"name":"(anonymous_53)","decl":{"start":{"line":941,"column":15},"end":{"line":941,"column":16}},"loc":{"start":{"line":941,"column":44},"end":{"line":960,"column":3}},"line":941},"54":{"name":"(anonymous_54)","decl":{"start":{"line":967,"column":15},"end":{"line":967,"column":16}},"loc":{"start":{"line":967,"column":44},"end":{"line":1029,"column":3}},"line":967},"55":{"name":"(anonymous_55)","decl":{"start":{"line":1035,"column":15},"end":{"line":1035,"column":16}},"loc":{"start":{"line":1035,"column":44},"end":{"line":1053,"column":3}},"line":1035},"56":{"name":"(anonymous_56)","decl":{"start":{"line":1059,"column":15},"end":{"line":1059,"column":16}},"loc":{"start":{"line":1059,"column":44},"end":{"line":1116,"column":3}},"line":1059},"57":{"name":"(anonymous_57)","decl":{"start":{"line":1093,"column":29},"end":{"line":1093,"column":30}},"loc":{"start":{"line":1093,"column":40},"end":{"line":1093,"column":73}},"line":1093},"58":{"name":"(anonymous_58)","decl":{"start":{"line":1094,"column":22},"end":{"line":1094,"column":23}},"loc":{"start":{"line":1094,"column":33},"end":{"line":1094,"column":66}},"line":1094},"59":{"name":"(anonymous_59)","decl":{"start":{"line":1103,"column":43},"end":{"line":1103,"column":44}},"loc":{"start":{"line":1104,"column":8},"end":{"line":1107,"column":10}},"line":1104},"60":{"name":"(anonymous_60)","decl":{"start":{"line":1109,"column":29},"end":{"line":1109,"column":30}},"loc":{"start":{"line":1110,"column":8},"end":{"line":1113,"column":10}},"line":1110},"61":{"name":"(anonymous_61)","decl":{"start":{"line":1123,"column":15},"end":{"line":1123,"column":16}},"loc":{"start":{"line":1123,"column":44},"end":{"line":1190,"column":3}},"line":1123},"62":{"name":"(anonymous_62)","decl":{"start":{"line":1196,"column":15},"end":{"line":1196,"column":16}},"loc":{"start":{"line":1196,"column":44},"end":{"line":1224,"column":3}},"line":1196},"63":{"name":"(anonymous_63)","decl":{"start":{"line":1211,"column":8},"end":{"line":1211,"column":9}},"loc":{"start":{"line":1211,"column":19},"end":{"line":1211,"column":67}},"line":1211},"64":{"name":"(anonymous_64)","decl":{"start":{"line":1230,"column":15},"end":{"line":1230,"column":16}},"loc":{"start":{"line":1230,"column":44},"end":{"line":1266,"column":3}},"line":1230},"65":{"name":"(anonymous_65)","decl":{"start":{"line":1273,"column":15},"end":{"line":1273,"column":16}},"loc":{"start":{"line":1273,"column":44},"end":{"line":1366,"column":3}},"line":1273},"66":{"name":"(anonymous_66)","decl":{"start":{"line":1372,"column":15},"end":{"line":1372,"column":16}},"loc":{"start":{"line":1372,"column":44},"end":{"line":1393,"column":3}},"line":1372},"67":{"name":"(anonymous_67)","decl":{"start":{"line":1399,"column":15},"end":{"line":1399,"column":16}},"loc":{"start":{"line":1399,"column":44},"end":{"line":1428,"column":3}},"line":1399},"68":{"name":"(anonymous_68)","decl":{"start":{"line":1434,"column":15},"end":{"line":1434,"column":16}},"loc":{"start":{"line":1434,"column":44},"end":{"line":1459,"column":3}},"line":1434},"69":{"name":"(anonymous_69)","decl":{"start":{"line":1465,"column":15},"end":{"line":1465,"column":16}},"loc":{"start":{"line":1465,"column":44},"end":{"line":1485,"column":3}},"line":1465},"70":{"name":"(anonymous_70)","decl":{"start":{"line":1491,"column":15},"end":{"line":1491,"column":16}},"loc":{"start":{"line":1491,"column":44},"end":{"line":1526,"column":3}},"line":1491},"71":{"name":"(anonymous_71)","decl":{"start":{"line":1532,"column":15},"end":{"line":1532,"column":16}},"loc":{"start":{"line":1532,"column":44},"end":{"line":1567,"column":3}},"line":1532},"72":{"name":"(anonymous_72)","decl":{"start":{"line":1550,"column":8},"end":{"line":1550,"column":9}},"loc":{"start":{"line":1550,"column":19},"end":{"line":1550,"column":67}},"line":1550},"73":{"name":"(anonymous_73)","decl":{"start":{"line":1553,"column":8},"end":{"line":1553,"column":9}},"loc":{"start":{"line":1553,"column":19},"end":{"line":1553,"column":69}},"line":1553},"74":{"name":"(anonymous_74)","decl":{"start":{"line":1574,"column":15},"end":{"line":1574,"column":16}},"loc":{"start":{"line":1574,"column":44},"end":{"line":1588,"column":3}},"line":1574},"75":{"name":"(anonymous_75)","decl":{"start":{"line":1576,"column":55},"end":{"line":1576,"column":56}},"loc":{"start":{"line":1576,"column":65},"end":{"line":1576,"column":73}},"line":1576},"76":{"name":"(anonymous_76)","decl":{"start":{"line":1579,"column":23},"end":{"line":1579,"column":24}},"loc":{"start":{"line":1579,"column":34},"end":{"line":1586,"column":7}},"line":1579},"77":{"name":"(anonymous_77)","decl":{"start":{"line":1595,"column":15},"end":{"line":1595,"column":16}},"loc":{"start":{"line":1595,"column":44},"end":{"line":1622,"column":3}},"line":1595},"78":{"name":"(anonymous_78)","decl":{"start":{"line":1629,"column":15},"end":{"line":1629,"column":16}},"loc":{"start":{"line":1629,"column":44},"end":{"line":1664,"column":3}},"line":1629},"79":{"name":"(anonymous_79)","decl":{"start":{"line":1671,"column":15},"end":{"line":1671,"column":16}},"loc":{"start":{"line":1671,"column":44},"end":{"line":1704,"column":3}},"line":1671},"80":{"name":"(anonymous_80)","decl":{"start":{"line":1711,"column":15},"end":{"line":1711,"column":16}},"loc":{"start":{"line":1711,"column":44},"end":{"line":1751,"column":3}},"line":1711},"81":{"name":"(anonymous_81)","decl":{"start":{"line":1758,"column":15},"end":{"line":1758,"column":16}},"loc":{"start":{"line":1758,"column":44},"end":{"line":1789,"column":3}},"line":1758},"82":{"name":"(anonymous_82)","decl":{"start":{"line":1796,"column":15},"end":{"line":1796,"column":16}},"loc":{"start":{"line":1796,"column":44},"end":{"line":1813,"column":3}},"line":1796},"83":{"name":"(anonymous_83)","decl":{"start":{"line":1820,"column":15},"end":{"line":1820,"column":16}},"loc":{"start":{"line":1820,"column":44},"end":{"line":1898,"column":3}},"line":1820},"84":{"name":"(anonymous_84)","decl":{"start":{"line":1832,"column":14},"end":{"line":1832,"column":15}},"loc":{"start":{"line":1832,"column":23},"end":{"line":1832,"column":48}},"line":1832},"85":{"name":"(anonymous_85)","decl":{"start":{"line":1833,"column":11},"end":{"line":1833,"column":12}},"loc":{"start":{"line":1833,"column":20},"end":{"line":1833,"column":27}},"line":1833},"86":{"name":"(anonymous_86)","decl":{"start":{"line":1851,"column":14},"end":{"line":1851,"column":15}},"loc":{"start":{"line":1851,"column":23},"end":{"line":1856,"column":7}},"line":1851},"87":{"name":"(anonymous_87)","decl":{"start":{"line":1857,"column":11},"end":{"line":1857,"column":12}},"loc":{"start":{"line":1857,"column":20},"end":{"line":1888,"column":7}},"line":1857},"88":{"name":"(anonymous_88)","decl":{"start":{"line":1905,"column":15},"end":{"line":1905,"column":16}},"loc":{"start":{"line":1905,"column":44},"end":{"line":1979,"column":3}},"line":1905},"89":{"name":"(anonymous_89)","decl":{"start":{"line":1986,"column":15},"end":{"line":1986,"column":16}},"loc":{"start":{"line":1986,"column":44},"end":{"line":2068,"column":3}},"line":1986},"90":{"name":"(anonymous_90)","decl":{"start":{"line":2075,"column":15},"end":{"line":2075,"column":16}},"loc":{"start":{"line":2075,"column":44},"end":{"line":2100,"column":3}},"line":2075},"91":{"name":"(anonymous_91)","decl":{"start":{"line":2107,"column":15},"end":{"line":2107,"column":16}},"loc":{"start":{"line":2107,"column":44},"end":{"line":2132,"column":3}},"line":2107},"92":{"name":"(anonymous_92)","decl":{"start":{"line":2137,"column":15},"end":{"line":2137,"column":16}},"loc":{"start":{"line":2137,"column":44},"end":{"line":2216,"column":3}},"line":2137},"93":{"name":"(anonymous_93)","decl":{"start":{"line":2223,"column":15},"end":{"line":2223,"column":16}},"loc":{"start":{"line":2223,"column":44},"end":{"line":2251,"column":3}},"line":2223},"94":{"name":"(anonymous_94)","decl":{"start":{"line":2254,"column":8},"end":{"line":2254,"column":9}},"loc":{"start":{"line":2254,"column":31},"end":{"line":2256,"column":1}},"line":2254},"95":{"name":"(anonymous_95)","decl":{"start":{"line":2258,"column":8},"end":{"line":2258,"column":9}},"loc":{"start":{"line":2258,"column":44},"end":{"line":2276,"column":1}},"line":2258},"96":{"name":"start","decl":{"start":{"line":2278,"column":15},"end":{"line":2278,"column":20}},"loc":{"start":{"line":2278,"column":23},"end":{"line":2294,"column":1}},"line":2278},"97":{"name":"(anonymous_97)","decl":{"start":{"line":2291,"column":19},"end":{"line":2291,"column":20}},"loc":{"start":{"line":2291,"column":25},"end":{"line":2293,"column":3}},"line":2291},"98":{"name":"(anonymous_98)","decl":{"start":{
[...]
"start":{"line":33,"column":2},"end":{"line":35,"column":3}},"16":{"start":{"line":34,"column":4},"end":{"line":34,"column":15}},"17":{"start":{"line":37,"column":2},"end":{"line":49,"column":3}},"18":{"start":{"line":53,"column":28},"end":{"line":53,"column":69}},"19":{"start":{"line":55,"column":25},"end":{"line":61,"column":3}},"20":{"start":{"line":63,"column":2},"end":{"line":65,"column":3}},"21":{"start":{"line":64,"column":4},"end":{"line":64,"column":37}},"22":{"start":{"line":67,"column":2},"end":{"line":67,"column":23}},"23":{"start":{"line":78,"column":24},"end":{"line":78,"column":92}},"24":{"start":{"line":80,"column":21},"end":{"line":106,"column":3}},"25":{"start":{"line":108,"column":2},"end":{"line":110,"column":3}},"26":{"start":{"line":109,"column":4},"end":{"line":109,"column":43}},"27":{"start":{"line":112,"column":2},"end":{"line":112,"column":19}},"28":{"start":{"line":116,"column":2},"end":{"line":118,"column":3}},"29":{"start":{"line":117,"column":4},"end":{"line":117,"column":18}},"30":{"start":{"line":120,"column":2},"end":{"line":122,"column":3}},"31":{"start":{"line":121,"column":4},"end":{"line":121,"column":36}},"32":{"start":{"line":124,"column":2},"end":{"line":126,"column":3}},"33":{"start":{"line":125,"column":4},"end":{"line":125,"column":27}},"34":{"start":{"line":128,"column":2},"end":{"line":128,"column":48}},"35":{"start":{"line":132,"column":28},"end":{"line":132,"column":64}},"36":{"start":{"line":133,"column":28},"end":{"line":133,"column":61}},"37":{"start":{"line":135,"column":2},"end":{"line":142,"column":4}},"38":{"start":{"line":146,"column":2},"end":{"line":153,"column":4}},"39":{"start":{"line":157,"column":24},"end":{"line":157,"column":90}},"40":{"start":{"line":159,"column":2},"end":{"line":164,"column":3}},"41":{"start":{"line":167,"column":0},"end":{"line":176,"column":1}}},"fnMap":{"0":{"name":"toIdString","decl":{"start":{"line":6,"column":9},"end":{"line":6,"column":19}},"loc":{"start":{"line":6,"column":27},"end":{"line":8,"column":1}},"line":6},"1":{"name":"hasId","decl":{"start":{"line":10,"column":9},"end":{"line":10,"column":14}},"loc":{"start":{"line":10,"column":36},"end":{"line":13,"column":1}},"line":10},"2":{"name":"(anonymous_2)","decl":{"start":{"line":12,"column":19},"end":{"line":12,"column":20}},"loc":{"start":{"line":12,"column":30},"end":{"line":12,"column":60}},"line":12},"3":{"name":"buildProfileMap","decl":{"start":{"line":15,"column":15},"end":{"line":15,"column":30}},"loc":{"start":{"line":15,"column":45},"end":{"line":30,"column":1}},"line":15},"4":{"name":"(anonymous_4)","decl":{"start":{"line":19,"column":13},"end":{"line":19,"column":14}},"loc":{"start":{"line":19,"column":25},"end":{"line":19,"column":43}},"line":19},"5":{"name":"(anonymous_5)","decl":{"start":{"line":20,"column":16},"end":{"line":20,"column":17}},"loc":{"start":{"line":20,"column":28},"end":{"line":20,"column":67}},"line":20},"6":{"name":"(anonymous_6)","decl":{"start":{"line":29,"column":30},"end":{"line":29,"column":31}},"loc":{"start":{"line":29,"column":43},"end":{"line":29,"column":78}},"line":29},"7":{"name":"serializeProfile","decl":{"start":{"line":32,"column":9},"end":{"line":32,"column":25}},"loc":{"start":{"line":32,"column":51},"end":{"line":50,"column":1}},"line":32},"8":{"name":"serializeViewer","decl":{"start":{"line":52,"column":9},"end":{"line":52,"column":24}},"loc":{"start":{"line":52,"column":64},"end":{"line":68,"column":1}},"line":52},"9":{"name":"serializeContentDocument","decl":{"start":{"line":70,"column":9},"end":{"line":70,"column":33}},"loc":{"start":{"line":77,"column":8},"end":{"line":113,"column":1}},"line":77},"10":{"name":"getArticlePublicationStatus","decl":{"start":{"line":115,"column":9},"end":{"line":115,"column":36}},"loc":{"start":{"line":115,"column":46},"end":{"line":129,"column":1}},"line":115},"11":{"name":"serializeArticle","decl":{"start":{"line":131,"column":9},"end":{"line":131,"column":25}},"loc":{"start":{"line":131,"column":87},"end":{"line":143,"column":1}},"line":131},"12":{"name":"serializeDraft","decl":{"start":{"line":145,"column":9},"end":{"line":145,"column":23}},"loc":{"start":{"line":145,"column":83},"end":{"line":154,"column":1}},"line":145},"13":{"name":"serializeComment","decl":{"start":{"line":156,"column":9},"end":{"line":156,"column":25}},"loc":{"start":{"line":156,"column":66},"end":{"line":165,"column":1}},"line":156}},"branchMap":{"0":{"loc":{"start":{"line":7,"column":9},"end":{"line":7,"column":38}},"type":"cond-expr","locations":[{"start":{"line":7,"column":17},"end":{"line":7,"column":33}},{"start":{"line":7,"column":36},"end":{"line":7,"column":38}}],"line":7},"1":{"loc":{"start":{"line":10,"column":15},"end":{"line":10,"column":24}},"type":"default-arg","locations":[{"start":{"line":10,"column":22},"end":{"line":10,"column":24}}],"line":10},"2":{"loc":{"start":{"line":15,"column":31},"end":{"line":15,"column":43}},"type":"default-arg","locations":[{"start":{"line":15,"column":41},"end":{"line":15,"column":43}}],"line":15},"3":{"loc":{"start":{"line":24,"column":2},"end":{"line":26,"column":3}},"type":"if","locations":[{"start":{"line":24,"column":2},"end":{"line":26,"column":3}},{"start":{},"end":{}}],"line":24},"4":{"loc":{"start":{"line":33,"column":2},"end":{"line":35,"column":3}},"type":"if","locations":[{"start":{"line":33,"column":2},"end":{"line":35,"column":3}},{"start":{},"end":{}}],"line":33},"5":{"loc":{"start":{"line":33,"column":6},"end":{"line":33,"column":23}},"type":"binary-expr","locations":[{"start":{"line":33,"column":6},"end":{"line":33,"column":14}},{"start":{"line":33,"column":18},"end":{"line":33,"column":23}}],"line":33},"6":{"loc":{"start":{"line":40,"column":17},"end":{"line":40,"column":65}},"type":"binary-expr","locations":[{"start":{"line":40,"column":17},"end":{"line":40,"column":36}},{"start":{"line":40,"column":40},"end":{"line":40,"column":65}}],"line":40},"7":{"loc":{"start":{"line":41,"column":14},"end":{"line":41,"column":36}},"type":"binary-expr","locations":[{"start":{"line":41,"column":14},"end":{"line":41,"column":30}},{"start":{"line":41,"column":34},"end":{"line":41,"column":36}}],"line":41},"8":{"loc":{"start":{"line":42,"column":9},"end":{"line":42,"column":26}},"type":"binary-expr","locations":[{"start":{"line":42,"column":9},"end":{"line":42,"column":20}},{"start":{"line":42,"column":24},"end":{"line":42,"column":26}}],"line":42},"9":{"loc":{"start":{"line":43,"column":15},"end":{"line":43,"column":38}},"type":"binary-expr","locations":[{"start":{"line":43,"column":15},"end":{"line":43,"column":32}},{"start":{"line":43,"column":36},"end":{"line":43,"column":38}}],"line":43},"10":{"loc":{"start":{"line":44,"column":14},"end":{"line":44,"column":36}},"type":"binary-expr","locations":[{"start":{"line":44,"column":14},"end":{"line":44,"column":30}},{"start":{"line":44,"column":34},"end":{"line":44,"column":36}}],"line":44},"11":{"loc":{"start":{"line":45,"column":13},"end":{"line":45,"column":34}},"type":"binary-expr","locations":[{"start":{"line":45,"column":13},"end":{"line":45,"column":28}},{"start":{"line":45,"column":32},"end":{"line":45,"column":34}}],"line":45},"12":{"loc":{"start":{"line":46,"column":20},"end":{"line":46,"column":52}},"type":"binary-expr","locations":[{"start":{"line":46,"column":20},"end":{"line":46,"column":47}},{"start":{"line":46,"column":51},"end":{"line":46,"column":52}}],"line":46},"13":{"loc":{"start":{"line":47,"column":20},"end":{"line":47,"column":53}},"type":"binary-expr","locations":[{"start":{"line":47,"column":20},"end":{"line":47,"column":48}},{"start":{"line":47,"column":52},"end":{"line":47,"column":53}}],"line":47},"14":{"loc":{"start":{"line":48,"column":17},"end":{"line":48,"column":72}},"type":"cond-expr","locations":[{"start":{"line":48,"column":28},"end":{"line":48,"column":64}},{"start":{"line":48,"column":67},"end":{"line":48,"column":72}}],"line":48},"15":{"loc":{"start":{"line":52,"column":50},"end":{"line":52,"column":62}},"type":"default-arg","locations":[{"start":{"line":52,"column":60},"end":{"line":52,"column":62}}],"line":52},"16":{"loc":{"start":{"line":63,"column":2},"end":{"line":65,"column":3}},"type":"if","locations":[{"start":{"line":63,"column":2},"end":{"line":65,"column":3}},{"start":{},"end":{}}],"line":63},"17":{"loc":{"start":{"line":70,"column":44},"end":{"line":77,"column":6}},"type":"default-arg","locations":[{"start":{"line":77,"column":4},"end":{"line":77,"column":6}}],"line":70},"18":{"loc":{"start":{"line":73,"column":2},"end":{"line":73,"column":21}},"type":"default-arg","locations":[{"start":{"line":73,"column":16},"end":{"line":73,"column":21}}],"line":73},"19":{"loc":{"start":{"line":74,"column":2},"end":{"line":74,"column":27}},"type":"default-arg","locations":[{"start":{"line":74,"column":22},"end":{"line":74,"column":27}}],"line":74},"20":{"loc":{"start":{"line":75,"column":2},"end":{"line":75,"column":29}},"type":"default-arg","locations":[{"start":{"line":75,"column":22},"end":{"line":75,"column":29}}],"line":75},"21":{"loc":{"start":{"line":76,"column":2},"end":{"line":76,"column":30}},"type":"default-arg","locations":[{"start":{"line":76,"column":25},"end":{"line":76,"column":30}}],"line":76},"22":{"loc":{"start":{"line":78,"column":51},"end":{"line":78,"column":90}},"type":"binary-expr","locations":[{"start":{"line":78,"column":51},"end":{"line":78,"column":71}},{"start":{"line":78,"column":75},"end":{"line":78,"column":90}}],"line":78},"23":{"loc":{"start":{"line":87,"column":16},"end":{"line":87,"column":41}},"type":"binary-expr","locations":[{"start":{"line":87,"column":16},"end":{"line":87,"column":35}},{"start":{"line":87,"column":39},"end":{"line":87,"column":41}}],"line":87},"24":{"loc":{"start":{"line":88,"column":10},"end":{"line":88,"column":29}},"type":"binary-expr","locations":[{"start":{"line":88,"column":10},"end":{"line":88,"column":23}},{"start":{"line":88,"column":27},"end":{"line":88,"column":29}}],"line":88},"25":{"loc":{"start":{"line":89,"column":17},"end":{"line":89,"column":45}},"type":"binary-expr","locations":[{"start":{"line":89,"column":17},"end":{"line":89,"column":37}},{"start":{"line":89,"column":41},"end":{"line":89,"column":45}}],"line":89},"26":{"loc":{"start":{"line":91,"column":15},"end":{"line":91,"column":66}},"type":"binary-expr","locations":[{"start":{"line":91,"column":15},"end":{"line":91,"column":33}},{"start":{"line":91,"column":37},"end":{"line":91,"column":61}},{"start":{"line":91,"column":65},"end":{"line":91,"column":66}}],"line":91},"27":{"loc":{"start":{"line":92,"column":18},"end":{"line":92,"column":44}},"type":"binary-expr","locations":[{"start":{"line":92,"column":18},"end":{"line":92,"column":39}},{"start":{"line":92,"column":43},"end":{"line":92,"column":44}}],"line":92},"28":{"loc":{"start":{"line":93,"column":15},"end":{"line":93,"column":38}},"type":"binary-expr","locations":[{"start":{"line":93,"column":15},"end":{"line":93,"column":33}},{"start":{"line":93,"column":37},"end":{"line":93,"column":38}}],"line":93},"29":{"loc":{"start":{"line":100,"column":22},"end":{"line":100,"column":53}},"type":"binary-expr","locations":[{"start":{"line":100,"column":22},"end":{"line":100,"column":47}},{"start":{"line":100,"column":51},"end":{"line":100,"column":53}}],"line":100},"30":{"loc":{"start":{"line":103,"column":15},"end":{"line":103,"column":88}},"type":"cond-expr","locations":[{"start":{"line":103,"column":47},"end":{"line":103,"column":80}},{"start":{"line":103,"column":83},"end":{"line":103,"column":88}}],"line":103},"31":{"loc":{"start":{"line":103,"column":15},"end":{"line":103,"column":44}},"type":"binary-expr","locations":[{"start":{"line":103,"column":15},"end":{"line":103,"column":32}},{"start":{"line":103,"column":36},"end":{"line":103,"column":44}}],"line":103},"32":{"loc":{"start":{"line":104,"column":9},"end":{"line":104,"column":27}},"type":"binary-expr","locations":[{"start":{"line":104,"column":9},"end":{"line":104,"column":21}},{"start":{"line":104,"column":25},"end":{"line":104,"column":27}}],"line":104},"33":{"loc":{"start":{"line":108,"column":2},"end":{"line":110,"column":3}},"type":"if","locations":[{"start":{"line":108,"column":2},"end":{"line":110,"column":3}},{"start":{},"end":{}}],"line":108},"34":{"loc":{"start":{"line":116,"column":2},"end":{"line":118,"column":3}},"type":"if","locations":[{"start":{"line":116,"column":2},"end":{"line":118,"column":3}},{"start":{},"end":{}}],"line":116},"35":{"loc":{"start":{"line":120,"column":2},"end":{"line":122,"column":3}},"type":"if","locations":[{"start":{"line":120,"column":2},"end":{"line":122,"column":3}},{"start":{},"end":{}}],"line":120},"36":{"loc":{"start":{"line":124,"column":2},"end":{"line":126,"column":3}},"type":"if","locations":[{"start":{"line":124,"column":2},"end":{"line":126,"column":3}},{"start":{},"end":{}}],"line":124},"37":{"loc":{"start":{"line":128,"column":9},"end":{"line":128,"column":48}},"type":"cond-expr","locations":[{"start":{"line":128,"column":27},"end":{"line":128,"column":34}},{"start":{"line":128,"column":37},"end":{"line":128,"column":48}}],"line":128},"38":{"loc":{"start":{"line":131,"column":35},"end":{"line":131,"column":85}},"type":"default-arg","locations":[{"start":{"line":131,"column":83},"end":{"line":131,"column":85}}],"line":131},"39":{"loc":{"start":{"line":131,"column":59},"end":{"line":131,"column":78}},"type":"default-arg","locations":[{"start":{"line":131,"column":73},"end":{"line":131,"column":78}}],"line":131},"40":{"loc":{"start":{"line":145,"column":31},"end":{"line":145,"column":81}},"type":"default-arg","locations":[{"start":{"line":145,"column":79},"end":{"line":145,"column":81}}],"line":145},"41":{"loc":{"start":{"line":145,"column":55},"end":{"line":145,"column":74}},"type":"default-arg","locations":[{"start":{"line":145,"column":69},"end":{"line":145,"column":74}}],"line":145},"42":{"loc":{"start":{"line":151,"column":23},"end":{"line":151,"column":57}},"type":"binary-expr","locations":[{"start":{"line":151,"column":23},"end":{"line":151,"column":46}},{"start":{"line":151,"column":50},"end":{"line":151,"column":57}}],"line":151},"43":{"loc":{"start":{"line":156,"column":35},"end":{"line":156,"column":64}},"type":"default-arg","locations":[{"start":{"line":156,"column":62},"end":{"line":156,"column":64}}],"line":156},"44":{"loc":{"start":{"line":157,"column":51},"end":{"line":157,"column":88}},"type":"binary-expr","locations":[{"start":{"line":157,"column":51},"end":{"line":157,"column":70}},{"start":{"line":157,"column":74},"end":{"line":157,"column":88}}],"line":157}},"s":{"0":3,"1":3,"2":3,"3":244,"4":56,"5":56,"6":4,"7":25,"8":25,"9":25,"10":25,"11":3,"12":22,"13":22,"14":25,"15":50,"16":2,"17":48,"18":42,"19":42,"20":42,"21":18,"22":42,"23":20,"24":20,"25":20,"26":14,"27":20,"28":13,"29":0,"30":13,"31":13,"32":0,"33":0,"34":0,"35":13,"36":13,"37":13,"38":7,"39":2,"40":2,"41":3},"f":{"0":244,"1":56,"2":4,"3":25,"4":25,"5":25,"6":25,"7":50,"8":42,"9":20,"10":13,"11":13,"12":7,"13":2},"b":{"0":[244,0],"1":[0],"2":[0],"3":[3,22],"4":[2,48],"5":[50,48],"6":[48,0],"7":[48,0],"8":[48,41],"9":[48,41],"10":[48,41],"11":[48,41],"12":[48,47],"13":[48,48],"14":[43,5],"15":[24],"16":[18,24],"17":[0],"18":[0],"19":[0],"20":[0],"21":[0],"22":[20,0],"23":[20,20],"24":[20,0],"25":[20,7],"26":[20,7,7],"27":[20,7],"28":[20,7],"29":[20,18],"30":[7,13],"31":[20,11],"32":[20,0],"33":[14,6],"34":[0,13],"35":[13,0],"36":[0,0],"37":[0,0],"38":[0],"39":[0],"40":[0],"41":[0],"42":[7,0],"43":[0],"44":[2,0]},"_coverageSchema":"1a1c01bbd47fc00a2c39e90264f33305004495a9","hash":"fd9d6907f5996a2c131520658abf8b9eb8e5c998"}
,"/home/lucky/Documents/innoblog/server/utils/stringUtils.js": {"path":"/home/lucky/Documents/innoblog/server/utils/stringUtils.js","statementMap":{"0":{"start":{"line":1,"column":15},"end":{"line":1,"column":32}},"1":{"start":{"line":4,"column":2},"end":{"line":4,"column":35}},"2":{"start":{"line":8,"column":23},"end":{"line":11,"column":20}},"3":{"start":{"line":13,"column":2},"end":{"line":15,"column":3}},"4":{"start":{"line":14,"column":4},"end":{"line":14,"column":28}},"5":{"start":{"line":17,"column":2},"end":{"line":19,"column":14}},"6":{"start":{"line":18,"column":19},"end":{"line":18,"column":77}},"7":{"start":{"line":23,"column":15},"end":{"line":29,"column":28}},"8":{"start":{"line":31,"column":2},"end":{"line":31,"column":37}},"9":{"start":{"line":35,"column":2},"end":{"line":35,"column":67}},"10":{"start":{"line":39,"column":20},"end":{"line":39,"column":70}},"11":{"start":{"line":40,"column":18},"end":{"line":40,"column":57}},"12":{"start":{"line":41,"column":2},"end":{"line":41,"column":30}},"13":{"start":{"line":45,"column":2},"end":{"line":45,"column":62}},"14":{"start":{"line":49,"column":2},"end":{"line":49,"column":72}},"15":{"start":{"line":52,"column":0},"end":{"line":60,"column":1}}},"fnMap":{"0":{"name":"normalizeEmail","decl":{"start":{"line":3,"column":9},"end":{"line":3,"column":23}},"loc":{"start":{"line":3,"column":36},"end":{"line":5,"column":1}},"line":3},"1":{"name":"toDisplayName","decl":{"start":{"line":7,"column":9},"end":{"line":7,"column":22}},"loc":{"start":{"line":7,"column":38},"end":{"line":20,"column":1}},"line":7},"2":{"name":"(anonymous_2)","decl":{"start":{"line":18,"column":9},"end":{"line":18,"column":10}},"loc":{"start":{"line":18,"column":19},"end":{"line":18,"column":77}},"line":18},"3":{"name":"slugify","decl":{"start":{"line":22,"column":9},"end":{"line":22,"column":16}},"loc":{"start":{"line":22,"column":29},"end":{"line":32,"column":1}},"line":22},"4":{"name":"stripHtml","decl":{"start":{"line":34,"column":9},"end":{"line":34,"column":18}},"loc":{"start":{"line":34,"column":31},"end":{"line":36,"column":1}},"line":34},"5":{"name":"estimateReadTime","decl":{"start":{"line":38,"column":9},"end":{"line":38,"column":25}},"loc":{"start":{"line":38,"column":38},"end":{"line":42,"column":1}},"line":38},"6":{"name":"generateOtpCode","decl":{"start":{"line":44,"column":9},"end":{"line":44,"column":24}},"loc":{"start":{"line":44,"column":27},"end":{"line":46,"column":1}},"line":44},"7":{"name":"hashValue","decl":{"start":{"line":48,"column":9},"end":{"line":48,"column":18}},"loc":{"start":{"line":48,"column":26},"end":{"line":50,"column":1}},"line":48}},"branchMap":{"0":{"loc":{"start":{"line":3,"column":24},"end":{"line":3,"column":34}},"type":"default-arg","locations":[{"start":{"line":3,"column":32},"end":{"line":3,"column":34}}],"line":3},"1":{"loc":{"start":{"line":7,"column":23},"end":{"line":7,"column":36}},"type":"default-arg","locations":[{"start":{"line":7,"column":34},"end":{"line":7,"column":36}}],"line":7},"2":{"loc":{"start":{"line":13,"column":2},"end":{"line":15,"column":3}},"type":"if","locations":[{"start":{"line":13,"column":2},"end":{"line":15,"column":3}},{"start":{},"end":{}}],"line":13},"3":{"loc":{"start":{"line":22,"column":17},"end":{"line":22,"column":27}},"type":"default-arg","locations":[{"start":{"line":22,"column":25},"end":{"line":22,"column":27}}],"line":22},"4":{"loc":{"start":{"line":31,"column":9},"end":{"line":31,"column":37}},"type":"binary-expr","locations":[{"start":{"line":31,"column":9},"end":{"line":31,"column":13}},{"start":{"line":31,"column":17},"end":{"line":31,"column":37}}],"line":31},"5":{"loc":{"start":{"line":34,"column":19},"end":{"line":34,"column":29}},"type":"default-arg","locations":[{"start":{"line":34,"column":27},"end":{"line":34,"column":29}}],"line":34},"6":{"loc":{"start":{"line":38,"column":26},"end":{"line":38,"column":36}},"type":"default-arg","locations":[{"start":{"line":38,"column":34},"end":{"line":38,"column":36}}],"line":38}},"s":{"0":3,"1":128,"2":0,"3":0,"4":0,"5":0,"6":0,"7":30,"8":30,"9":26,"10":12,"11":12,"12":12,"13":0,"14":34,"15":3},"f":{"0":128,"1":0,"2":0,"3":30,"4":26,"5":12,"6":0,"7":34},"b":{"0":[0],"1":[0],"2":[0,0],"3":[0],"4":[30,0],"5":[0],"6":[0]},"_coverageSchema":"1a1c01bbd47fc00a2c39e90264f33305004495a9","hash":"0d7cff18daf78e9f9d8980df078e54354f8059d1"}
}
