TN:
SF:index.js
FN:46,(anonymous_0)
FN:55,asyncHandler
FN:56,(anonymous_2)
FN:61,ensure
FN:67,validateEmail
FN:71,normalizeTags
FN:77,(anonymous_6)
FN:78,(anonymous_7)
FN:84,validateArticleInput
FN:136,ensureValidArticleInput
FN:143,validateCommentInput
FN:155,validateProfileInput
FN:180,ensureValidCommentInput
FN:187,ensureValidProfileInput
FN:194,createUniqueArticleSlug
FN:207,createUniqueDraftSlug
FN:227,combineArticleQuery
FN:239,getArticlePublicationStatus
FN:255,isArticlePubliclyVisible
FN:259,buildPublicArticleQuery
FN:276,buildDraftQuery
FN:282,buildRequestedDraftQuery
FN:288,setArticleDraftState
FN:305,setArticlePendingReviewState
FN:315,setArticlePublishedState
FN:333,clearPendingPublicationRequests
FN:340,getArticleAuthorId
FN:344,getDraftAuthorId
FN:348,canViewArticle
FN:360,canViewDraft
FN:368,canManageDraft
FN:372,fetchArticleCollection
FN:389,(anonymous_32)
FN:392,(anonymous_33)
FN:401,fetchDraftCollection
FN:417,(anonymous_35)
FN:420,(anonymous_36)
FN:429,buildDraftPayloadFromContent
FN:460,saveDraftFromRequest
FN:506,clearPendingPublicationRequestsForDraft
FN:513,createPublishedArticleFromDraft
FN:544,getLegacyDraftStatus
FN:554,migrateLegacyDraftArticles
FN:635,(anonymous_43)
FN:659,(anonymous_44)
FN:669,(anonymous_45)
FN:719,(anonymous_46)
FN:765,(anonymous_47)
FN:780,(anonymous_48)
FN:794,(anonymous_49)
FN:868,(anonymous_50)
FN:882,(anonymous_51)
FN:905,(anonymous_52)
FN:941,(anonymous_53)
FN:967,(anonymous_54)
FN:1035,(anonymous_55)
FN:1059,(anonymous_56)
FN:1093,(anonymous_57)
FN:1094,(anonymous_58)
FN:1103,(anonymous_59)
FN:1109,(anonymous_60)
FN:1123,(anonymous_61)
FN:1196,(anonymous_62)
FN:1211,(anonymous_63)
FN:1230,(anonymous_64)
FN:1273,(anonymous_65)
FN:1372,(anonymous_66)
FN:1399,(anonymous_67)
FN:1434,(anonymous_68)
FN:1465,(anonymous_69)
FN:1491,(anonymous_70)
FN:1532,(anonymous_71)
FN:1550,(anonymous_72)
FN:1553,(anonymous_73)
FN:1574,(anonymous_74)
FN:1576,(anonymous_75)
FN:1579,(anonymous_76)
FN:1595,(anonymous_77)
FN:1629,(anonymous_78)
FN:1671,(anonymous_79)
FN:1711,(anonymous_80)
FN:1758,(anonymous_81)
FN:1796,(anonymous_82)
FN:1820,(anonymous_83)
FN:1832,(anonymous_84)
FN:1833,(anonymous_85)
FN:1851,(anonymous_86)
FN:1857,(anonymous_87)
FN:1905,(anonymous_88)
FN:1986,(anonymous_89)
FN:2075,(anonymous_90)
FN:2107,(anonymous_91)
FN:2137,(anonymous_92)
FN:2223,(anonymous_93)
FN:2254,(anonymous_94)
FN:2258,(anonymous_95)
FN:2278,start
FN:2291,(anonymous_97)
FN:2325,(anonymous_98)
FNF:99
FNH:90
FNDA:3,(anonymous_0)
FNDA:111,asyncHandler
FNDA:91,(anonymous_2)
FNDA:3,ensure
FNDA:41,validateEmail
FNDA:20,normalizeTags
FNDA:47,(anonymous_6)
FNDA:47,(anonymous_7)
FNDA:15,validateArticleInput
FNDA:11,ensureValidArticleInput
FNDA:5,validateCommentInput
FNDA:3,validateProfileInput
FNDA:2,ensureValidCommentInput
FNDA:1,ensureValidProfileInput
FNDA:6,createUniqueArticleSlug
FNDA:5,createUniqueDraftSlug
FNDA:19,combineArticleQuery
FNDA:27,getArticlePublicationStatus
FNDA:20,isArticlePubliclyVisible
FNDA:12,buildPublicArticleQuery
FNDA:2,buildDraftQuery
FNDA:3,buildRequestedDraftQuery
FNDA:2,setArticleDraftState
FNDA:1,setArticlePendingReviewState
FNDA:2,setArticlePublishedState
FNDA:2,clearPendingPublicationRequests
FNDA:4,getArticleAuthorId
FNDA:12,getDraftAuthorId
FNDA:9,canViewArticle
FNDA:13,canViewDraft
FNDA:7,canManageDraft
FNDA:6,fetchArticleCollection
FNDA:4,(anonymous_32)
FNDA:4,(anonymous_33)
FNDA:3,fetchDraftCollection
FNDA:2,(anonymous_35)
FNDA:2,(anonymous_36)
FNDA:8,buildDraftPayloadFromContent
FNDA:5,saveDraftFromRequest
FNDA:7,clearPendingPublicationRequestsForDraft
FNDA:2,createPublishedArticleFromDraft
FNDA:2,getLegacyDraftStatus
FNDA:0,migrateLegacyDraftArticles
FNDA:94,(anonymous_43)
FNDA:1,(anonymous_44)
FNDA:18,(anonymous_45)
FNDA:17,(anonymous_46)
FNDA:0,(anonymous_47)
FNDA:1,(anonymous_48)
FNDA:2,(anonymous_49)
FNDA:1,(anonymous_50)
FNDA:5,(anonymous_51)
FNDA:1,(anonymous_52)
FNDA:2,(anonymous_53)
FNDA:2,(anonymous_54)
FNDA:0,(anonymous_55)
FNDA:5,(anonymous_56)
FNDA:0,(anonymous_57)
FNDA:1,(anonymous_58)
FNDA:0,(anonymous_59)
FNDA:1,(anonymous_60)
FNDA:4,(anonymous_61)
FNDA:2,(anonymous_62)
FNDA:1,(anonymous_63)
FNDA:2,(anonymous_64)
FNDA:2,(anonymous_65)
FNDA:1,(anonymous_66)
FNDA:1,(anonymous_67)
FNDA:1,(anonymous_68)
FNDA:1,(anonymous_69)
FNDA:1,(anonymous_70)
FNDA:2,(anonymous_71)
FNDA:1,(anonymous_72)
FNDA:1,(anonymous_73)
FNDA:1,(anonymous_74)
FNDA:3,(anonymous_75)
FNDA:3,(anonymous_76)
FNDA:1,(anonymous_77)
FNDA:1,(anonymous_78)
FNDA:1,(anonymous_79)
FNDA:3,(anonymous_80)
FNDA:1,(anonymous_81)
FNDA:1,(anonymous_82)
FNDA:2,(anonymous_83)
FNDA:2,(anonymous_84)
FNDA:0,(anonymous_85)
FNDA:2,(anonymous_86)
FNDA:2,(anonymous_87)
FNDA:1,(anonymous_88)
FNDA:1,(anonymous_89)
FNDA:1,(anonymous_90)
FNDA:2,(anonymous_91)
FNDA:2,(anonymous_92)
FNDA:1,(anonymous_93)
FNDA:1,(anonymous_94)
FNDA:2,(anonymous_95)
FNDA:0,start
FNDA:0,(anonymous_97)
FNDA:0,(anonymous_98)
DA:1,3
DA:2,3
DA:3,3
DA:5,3
DA:6,3
DA:7,3
DA:8,3
DA:9,3
DA:10,3
DA:11,3
DA:12,3
DA:13,3
DA:14,3
DA:15,3
DA:16,3
DA:17,3
DA:18,3
DA:27,3
DA:33,3
DA:35,3
DA:36,3
DA:39,3
DA:41,3
DA:42,3
DA:43,3
DA:47,3
DA:48,3
DA:49,3
DA:50,3
DA:51,3
DA:56,111
DA:57,91
DA:62,3
DA:63,3
DA:68,41
DA:72,20
DA:73,20
DA:75,20
DA:76,20
DA:77,47
DA:78,47
DA:81,20
DA:85,15
DA:88,15
DA:89,0
DA:90,15
DA:91,3
DA:92,12
DA:93,0
DA:97,15
DA:98,0
DA:99,15
DA:100,1
DA:101,14
DA:102,0
DA:106,15
DA:107,0
DA:110,15
DA:111,15
DA:112,2
DA:117,15
DA:118,0
DA:122,15
DA:123,13
DA:124,1
DA:126,13
DA:127,30
DA:128,1
DA:133,15
DA:137,11
DA:138,11
DA:139,2
DA:144,5
DA:146,5
DA:147,1
DA:148,4
DA:149,2
DA:152,5
DA:156,3
DA:158,3
DA:159,1
DA:161,3
DA:162,0
DA:164,3
DA:165,1
DA:167,3
DA:168,3
DA:169,0
DA:170,3
DA:171,0
DA:172,3
DA:173,1
DA:177,3
DA:181,2
DA:182,2
DA:183,1
DA:188,1
DA:189,1
DA:190,0
DA:195,6
DA:196,6
DA:197,6
DA:199,6
DA:200,2
DA:201,2
DA:204,6
DA:208,5
DA:209,5
DA:210,5
DA:212,5
DA:213,0
DA:214,0
DA:217,5
DA:220,3
DA:228,19
DA:230,19
DA:231,5
DA:234,14
DA:240,27
DA:241,1
DA:244,26
DA:245,16
DA:248,10
DA:249,2
DA:252,8
DA:256,20
DA:260,12
DA:277,2
DA:283,3
DA:296,2
DA:297,2
DA:298,2
DA:299,2
DA:300,2
DA:301,2
DA:302,2
DA:306,1
DA:307,1
DA:308,1
DA:309,1
DA:310,1
DA:311,1
DA:312,1
DA:323,2
DA:324,2
DA:325,2
DA:326,2
DA:327,2
DA:328,2
DA:329,2
DA:330,2
DA:334,2
DA:341,4
DA:345,12
DA:349,9
DA:350,3
DA:353,6
DA:354,2
DA:357,4
DA:361,13
DA:362,1
DA:365,12
DA:369,7
DA:373,6
DA:378,6
DA:379,5
DA:382,6
DA:383,6
DA:386,6
DA:388,6
DA:389,4
DA:392,6
DA:393,4
DA:402,3
DA:407,3
DA:408,3
DA:411,3
DA:412,3
DA:415,3
DA:416,3
DA:417,2
DA:420,3
DA:421,2
DA:430,8
DA:431,8
DA:432,8
DA:434,8
DA:435,1
DA:438,7
DA:439,1
DA:442,6
DA:444,6
DA:461,5
DA:463,5
DA:464,0
DA:468,5
DA:476,4
DA:477,4
DA:478,4
DA:479,4
DA:480,4
DA:481,4
DA:482,4
DA:483,4
DA:484,4
DA:485,4
DA:486,4
DA:487,4
DA:489,4
DA:490,4
DA:495,4
DA:496,4
DA:497,4
DA:498,4
DA:502,4
DA:503,4
DA:507,7
DA:514,2
DA:541,2
DA:545,2
DA:547,2
DA:548,1
DA:551,1
DA:555,0
DA:563,0
DA:564,0
DA:567,0
DA:569,0
DA:570,0
DA:572,0
DA:575,0
DA:576,0
DA:580,0
DA:589,0
DA:590,0
DA:591,0
DA:592,0
DA:593,0
DA:594,0
DA:595,0
DA:596,0
DA:597,0
DA:598,0
DA:602,0
DA:603,0
DA:604,0
DA:605,0
DA:606,0
DA:608,0
DA:610,0
DA:611,0
DA:612,0
DA:613,0
DA:614,0
DA:616,0
DA:617,0
DA:624,0
DA:625,0
DA:628,0
DA:629,0
DA:633,3
DA:636,94
DA:644,94
DA:645,94
DA:647,0
DA:655,3
DA:657,3
DA:660,1
DA:667,3
DA:670,18
DA:671,18
DA:673,18
DA:674,1
DA:675,1
DA:678,17
DA:679,0
DA:680,0
DA:683,17
DA:684,17
DA:686,17
DA:688,17
DA:693,17
DA:699,17
DA:700,17
DA:708,17
DA:710,17
DA:717,3
DA:720,17
DA:721,17
DA:723,17
DA:724,0
DA:725,0
DA:728,17
DA:735,17
DA:736,1
DA:737,1
DA:740,16
DA:741,16
DA:743,16
DA:744,16
DA:745,16
DA:747,16
DA:748,16
DA:756,16
DA:763,3
DA:766,0
DA:773,0
DA:777,3
DA:781,1
DA:783,1
DA:791,3
DA:795,2
DA:796,2
DA:797,2
DA:798,2
DA:800,2
DA:801,1
DA:802,0
DA:803,0
DA:806,1
DA:809,2
DA:810,1
DA:812,1
DA:813,0
DA:814,0
DA:817,1
DA:820,2
DA:821,1
DA:828,2
DA:829,2
DA:834,2
DA:836,2
DA:837,2
DA:839,2
DA:840,1
DA:841,1
DA:842,0
DA:843,1
DA:844,0
DA:847,2
DA:848,2
DA:854,2
DA:865,3
DA:869,1
DA:874,1
DA:878,3
DA:883,5
DA:884,5
DA:885,4
DA:886,4
DA:888,4
DA:896,1
DA:901,3
DA:906,1
DA:907,1
DA:908,1
DA:909,1
DA:911,1
DA:915,1
DA:924,1
DA:932,0
DA:933,0
DA:938,3
DA:942,2
DA:946,2
DA:947,1
DA:948,1
DA:951,1
DA:953,1
DA:963,3
DA:968,2
DA:970,2
DA:971,0
DA:972,0
DA:975,2
DA:976,0
DA:977,0
DA:980,2
DA:981,2
DA:982,2
DA:983,1
DA:984,1
DA:987,1
DA:988,1
DA:989,1
DA:991,1
DA:992,1
DA:994,1
DA:1001,1
DA:1004,0
DA:1006,0
DA:1007,0
DA:1011,0
DA:1012,0
DA:1013,0
DA:1016,0
DA:1017,0
DA:1019,0
DA:1027,0
DA:1032,3
DA:1036,0
DA:1038,0
DA:1039,0
DA:1040,0
DA:1043,0
DA:1044,0
DA:1045,0
DA:1048,0
DA:1049,0
DA:1050,0
DA:1052,0
DA:1056,3
DA:1060,5
DA:1064,5
DA:1065,2
DA:1066,2
DA:1069,3
DA:1070,2
DA:1073,3
DA:1091,3
DA:1093,0
DA:1094,1
DA:1097,3
DA:1104,0
DA:1110,1
DA:1119,3
DA:1124,4
DA:1125,0
DA:1128,0
DA:1131,4
DA:1132,4
DA:1133,4
DA:1135,4
DA:1136,0
DA:1137,0
DA:1140,4
DA:1141,0
DA:1142,0
DA:1145,4
DA:1146,4
DA:1148,4
DA:1156,3
DA:1180,3
DA:1181,3
DA:1183,3
DA:1193,3
DA:1197,2
DA:1199,2
DA:1200,0
DA:1201,0
DA:1204,2
DA:1205,0
DA:1206,0
DA:1209,2
DA:1210,1
DA:1211,1
DA:1214,1
DA:1217,2
DA:1218,2
DA:1220,2
DA:1227,3
DA:1231,2
DA:1232,2
DA:1234,2
DA:1235,0
DA:1236,0
DA:1239,2
DA:1240,0
DA:1241,0
DA:1245,2
DA:1247,1
DA:1253,1
DA:1254,1
DA:1256,1
DA:1257,1
DA:1259,1
DA:1269,3
DA:1274,2
DA:1275,2
DA:1276,2
DA:1278,2
DA:1279,0
DA:1280,0
DA:1283,2
DA:1287,0
DA:1288,0
DA:1291,2
DA:1292,2
DA:1293,2
DA:1295,2
DA:1296,0
DA:1297,0
DA:1300,2
DA:1301,0
DA:1302,0
DA:1305,2
DA:1306,2
DA:1307,2
DA:1308,2
DA:1309,2
DA:1310,2
DA:1312,2
DA:1314,2
DA:1322,2
DA:1323,2
DA:1324,2
DA:1326,2
DA:1328,1
DA:1330,1
DA:1335,1
DA:1336,1
DA:1337,1
DA:1338,0
DA:1339,0
DA:1342,1
DA:1347,1
DA:1350,2
DA:1352,2
DA:1353,2
DA:1356,2
DA:1357,2
DA:1359,2
DA:1369,3
DA:1373,1
DA:1375,1
DA:1376,0
DA:1377,0
DA:1380,1
DA:1384,0
DA:1385,0
DA:1388,1
DA:1389,1
DA:1390,1
DA:1392,1
DA:1396,3
DA:1400,1
DA:1402,1
DA:1403,0
DA:1404,0
DA:1407,1
DA:1409,1
DA:1410,0
DA:1411,0
DA:1414,1
DA:1419,0
DA:1420,0
DA:1423,1
DA:1424,1
DA:1425,1
DA:1427,1
DA:1431,3
DA:1435,1
DA:1437,1
DA:1438,1
DA:1439,1
DA:1441,1
DA:1442,1
DA:1451,1
DA:1462,3
DA:1467,1
DA:1473,1
DA:1482,1
DA:1488,3
DA:1492,1
DA:1494,1
DA:1495,0
DA:1496,0
DA:1499,1
DA:1501,1
DA:1502,0
DA:1503,0
DA:1506,1
DA:1507,1
DA:1508,1
DA:1510,1
DA:1511,1
DA:1520,1
DA:1529,3
DA:1533,2
DA:1535,2
DA:1536,0
DA:1537,0
DA:1540,2
DA:1541,0
DA:1542,0
DA:1545,2
DA:1546,2
DA:1548,2
DA:1549,1
DA:1550,1
DA:1552,1
DA:1553,1
DA:1556,1
DA:1557,1
DA:1560,2
DA:1562,2
DA:1564,2
DA:1570,3
DA:1575,1
DA:1576,3
DA:1578,1
DA:1579,3
DA:1591,3
DA:1596,1
DA:1597,1
DA:1599,1
DA:1600,0
DA:1601,0
DA:1604,1
DA:1605,1
DA:1606,1
DA:1609,1
DA:1610,1
DA:1611,1
DA:1614,0
DA:1618,1
DA:1625,3
DA:1630,1
DA:1632,1
DA:1633,0
DA:1634,0
DA:1637,1
DA:1638,1
DA:1639,0
DA:1640,0
DA:1643,1
DA:1644,0
DA:1645,0
DA:1648,1
DA:1649,1
DA:1650,1
DA:1651,1
DA:1652,1
DA:1653,1
DA:1655,1
DA:1667,3
DA:1672,1
DA:1674,1
DA:1675,0
DA:1676,0
DA:1679,1
DA:1680,1
DA:1681,0
DA:1682,0
DA:1685,1
DA:1686,0
DA:1687,0
DA:1690,1
DA:1691,1
DA:1692,1
DA:1693,1
DA:1695,1
DA:1707,3
DA:1712,3
DA:1714,3
DA:1715,0
DA:1716,0
DA:1719,3
DA:1720,0
DA:1721,0
DA:1724,3
DA:1725,0
DA:1726,0
DA:1729,3
DA:1730,3
DA:1731,3
DA:1732,3
DA:1733,3
DA:1734,3
DA:1736,3
DA:1737,3
DA:1743,3
DA:1754,3
DA:1759,1
DA:1761,1
DA:1762,0
DA:1763,0
DA:1766,1
DA:1767,0
DA:1768,0
DA:1771,1
DA:1772,0
DA:1773,0
DA:1776,1
DA:1777,1
DA:1778,1
DA:1779,1
DA:1781,1
DA:1792,3
DA:1797,1
DA:1800,1
DA:1807,1
DA:1816,3
DA:1821,2
DA:1822,2
DA:1823,2
DA:1826,2
DA:1831,2
DA:1832,2
DA:1833,0
DA:1835,2
DA:1836,0
DA:1840,2
DA:1848,2
DA:1850,2
DA:1852,2
DA:1853,2
DA:1854,2
DA:1855,2
DA:1858,2
DA:1859,2
DA:1860,2
DA:1862,2
DA:1864,2
DA:1885,0
DA:1886,0
DA:1891,2
DA:1901,3
DA:1906,1
DA:1910,1
DA:1911,0
DA:1912,0
DA:1915,1
DA:1916,0
DA:1917,0
DA:1920,1
DA:1921,1
DA:1923,1
DA:1924,0
DA:1925,0
DA:1928,1
DA:1935,1
DA:1936,1
DA:1937,1
DA:1938,1
DA:1939,1
DA:1940,1
DA:1941,1
DA:1942,1
DA:1943,1
DA:1946,1
DA:1947,1
DA:1970,1
DA:1982,3
DA:1987,1
DA:1991,1
DA:1992,0
DA:1993,0
DA:1996,1
DA:1997,0
DA:1998,0
DA:2001,1
DA:2002,1
DA:2004,1
DA:2005,0
DA:2006,0
DA:2010,1
DA:2016,1
DA:2017,0
DA:2021,1
DA:2022,1
DA:2023,1
DA:2024,1
DA:2025,1
DA:2026,1
DA:2029,1
DA:2030,1
DA:2031,1
DA:2032,1
DA:2033,1
DA:2034,1
DA:2035,1
DA:2038,1
DA:2039,1
DA:2060,1
DA:2071,3
DA:2076,1
DA:2077,1
DA:2078,1
DA:2080,1
DA:2084,1
DA:2093,1
DA:2103,3
DA:2108,2
DA:2109,2
DA:2110,2
DA:2112,2
DA:2116,2
DA:2125,2
DA:2135,3
DA:2138,2
DA:2139,2
DA:2140,2
DA:2141,2
DA:2142,2
DA:2143,2
DA:2144,2
DA:2145,2
DA:2149,2
DA:2150,0
DA:2154,0
DA:2157,2
DA:2158,1
DA:2161,1
DA:2164,1
DA:2165,0
DA:2168,0
DA:2171,1
DA:2182,1
DA:2184,1
DA:2212,1
DA:2219,3
DA:2224,1
DA:2226,1
DA:2227,0
DA:2228,0
DA:2231,1
DA:2232,0
DA:2233,0
DA:2236,1
DA:2237,1
DA:2238,1
DA:2241,1
DA:2242,1
DA:2244,0
DA:2248,1
DA:2254,3
DA:2255,1
DA:2258,3
DA:2259,2
DA:2260,0
DA:2261,0
DA:2264,2
DA:2265,2
DA:2279,0
DA:2280,0
DA:2283,0
DA:2284,0
DA:2287,0
DA:2288,0
DA:2289,0
DA:2291,0
DA:2292,0
DA:2296,3
DA:2324,3
DA:2325,0
DA:2326,0
DA:2327,0
LF:848
LH:647
BRDA:35,0,0,3
BRDA:35,0,1,0
BRDA:42,1,0,3
BRDA:42,1,1,0
BRDA:46,2,0,0
BRDA:49,3,0,3
BRDA:49,3,1,0
BRDA:50,4,0,3
BRDA:50,4,1,0
BRDA:51,5,0,3
BRDA:51,5,1,1
BRDA:61,6,0,0
BRDA:61,7,0,0
BRDA:61,8,0,1
BRDA:62,9,0,3
BRDA:62,9,1,0
BRDA:67,10,0,0
BRDA:71,11,0,0
BRDA:75,12,0,19
BRDA:75,12,1,1
BRDA:77,13,0,47
BRDA:77,13,1,0
BRDA:78,14,0,47
BRDA:78,14,1,47
BRDA:88,15,0,0
BRDA:88,15,1,15
BRDA:88,16,0,15
BRDA:88,16,1,15
BRDA:90,17,0,3
BRDA:90,17,1,12
BRDA:92,18,0,0
BRDA:92,18,1,12
BRDA:97,19,0,0
BRDA:97,19,1,15
BRDA:97,20,0,15
BRDA:97,20,1,15
BRDA:99,21,0,1
BRDA:99,21,1,14
BRDA:101,22,0,0
BRDA:101,22,1,14
BRDA:106,23,0,0
BRDA:106,23,1,15
BRDA:106,24,0,15
BRDA:106,24,1,15
BRDA:111,25,0,2
BRDA:111,25,1,13
BRDA:117,26,0,0
BRDA:117,26,1,15
BRDA:117,27,0,15
BRDA:117,27,1,12
BRDA:122,28,0,13
BRDA:122,28,1,2
BRDA:122,29,0,15
BRDA:122,29,1,13
BRDA:123,30,0,1
BRDA:123,30,1,12
BRDA:127,31,0,1
BRDA:127,31,1,29
BRDA:138,32,0,2
BRDA:138,32,1,9
BRDA:146,33,0,1
BRDA:146,33,1,4
BRDA:146,34,0,5
BRDA:146,34,1,5
BRDA:148,35,0,2
BRDA:148,35,1,2
BRDA:158,36,0,1
BRDA:158,36,1,2
BRDA:158,37,0,3
BRDA:158,37,1,3
BRDA:161,38,0,0
BRDA:161,38,1,3
BRDA:161,39,0,3
BRDA:161,39,1,3
BRDA:164,40,0,1
BRDA:164,40,1,2
BRDA:164,41,0,3
BRDA:164,41,1,3
BRDA:167,42,0,3
BRDA:167,42,1,0
BRDA:168,43,0,0
BRDA:168,43,1,3
BRDA:170,44,0,0
BRDA:170,44,1,3
BRDA:172,45,0,1
BRDA:172,45,1,2
BRDA:182,46,0,1
BRDA:182,46,1,1
BRDA:189,47,0,0
BRDA:189,47,1,1
BRDA:227,48,0,0
BRDA:227,49,0,0
BRDA:228,50,0,19
BRDA:228,50,1,19
BRDA:230,51,0,5
BRDA:230,51,1,14
BRDA:240,52,0,1
BRDA:240,52,1,26
BRDA:244,53,0,16
BRDA:244,53,1,10
BRDA:248,54,0,2
BRDA:248,54,1,8
BRDA:252,55,0,5
BRDA:252,55,1,3
BRDA:256,56,0,20
BRDA:256,56,1,20
BRDA:259,57,0,4
BRDA:276,58,0,0
BRDA:282,59,0,0
BRDA:290,60,0,0
BRDA:291,61,0,0
BRDA:292,62,0,0
BRDA:293,63,0,0
BRDA:317,64,0,0
BRDA:318,65,0,0
BRDA:319,66,0,0
BRDA:320,67,0,0
BRDA:341,68,0,4
BRDA:341,68,1,1
BRDA:341,68,2,0
BRDA:345,69,0,12
BRDA:345,69,1,1
BRDA:345,69,2,1
BRDA:349,70,0,3
BRDA:349,70,1,6
BRDA:353,71,0,2
BRDA:353,71,1,4
BRDA:357,72,0,4
BRDA:357,72,1,2
BRDA:361,73,0,1
BRDA:361,73,1,12
BRDA:361,74,0,13
BRDA:361,74,1,13
BRDA:365,75,0,12
BRDA:365,75,1,10
BRDA:372,76,0,0
BRDA:372,77,0,2
BRDA:372,78,0,0
BRDA:374,79,0,6
BRDA:374,79,1,0
BRDA:378,80,0,5
BRDA:378,80,1,1
BRDA:382,81,0,6
BRDA:382,81,1,0
BRDA:389,82,0,4
BRDA:389,82,1,0
BRDA:401,83,0,0
BRDA:401,84,0,0
BRDA:401,85,0,0
BRDA:403,86,0,3
BRDA:403,86,1,0
BRDA:407,87,0,3
BRDA:407,87,1,0
BRDA:411,88,0,3
BRDA:411,88,1,0
BRDA:417,89,0,2
BRDA:417,89,1,0
BRDA:429,90,0,3
BRDA:434,91,0,1
BRDA:434,91,1,7
BRDA:434,92,0,8
BRDA:434,92,1,7
BRDA:434,92,2,7
BRDA:438,93,0,1
BRDA:438,93,1,6
BRDA:447,94,0,6
BRDA:447,94,1,1
BRDA:449,95,0,6
BRDA:449,95,1,0
BRDA:450,96,0,6
BRDA:450,96,1,5
BRDA:455,97,0,6
BRDA:455,97,1,6
BRDA:460,98,0,5
BRDA:463,99,0,0
BRDA:463,99,1,5
BRDA:476,100,0,4
BRDA:476,100,1,4
BRDA:477,101,0,4
BRDA:477,101,1,4
BRDA:479,102,0,4
BRDA:479,102,1,4
BRDA:489,103,0,4
BRDA:489,103,1,0
BRDA:489,104,0,4
BRDA:489,104,1,0
BRDA:491,105,0,0
BRDA:491,105,1,4
BRDA:495,106,0,4
BRDA:495,106,1,0
BRDA:513,107,0,0
BRDA:517,108,0,2
BRDA:517,108,1,0
BRDA:521,109,0,2
BRDA:521,109,1,2
BRDA:522,110,0,2
BRDA:522,110,1,0
BRDA:524,111,0,2
BRDA:524,111,1,0
BRDA:547,112,0,1
BRDA:547,112,1,1
BRDA:563,113,0,0
BRDA:563,113,1,0
BRDA:572,114,0,0
BRDA:572,114,1,0
BRDA:575,115,0,0
BRDA:575,115,1,0
BRDA:576,116,0,0
BRDA:576,116,1,0
BRDA:583,117,0,0
BRDA:583,117,1,0
BRDA:585,118,0,0
BRDA:585,118,1,0
BRDA:591,119,0,0
BRDA:591,119,1,0
BRDA:591,119,2,0
BRDA:592,120,0,0
BRDA:592,120,1,0
BRDA:593,121,0,0
BRDA:593,121,1,0
BRDA:595,122,0,0
BRDA:595,122,1,0
BRDA:599,123,0,0
BRDA:599,123,1,0
BRDA:600,124,0,0
BRDA:600,124,1,0
BRDA:600,124,2,0
BRDA:600,124,3,0
BRDA:602,125,0,0
BRDA:602,125,1,0
BRDA:603,126,0,0
BRDA:603,126,1,0
BRDA:604,127,0,0
BRDA:604,127,1,0
BRDA:610,128,0,0
BRDA:610,128,1,0
BRDA:613,129,0,0
BRDA:613,129,1,0
BRDA:616,130,0,0
BRDA:616,130,1,0
BRDA:628,131,0,0
BRDA:628,131,1,0
BRDA:644,132,0,94
BRDA:644,132,1,0
BRDA:644,133,0,94
BRDA:644,133,1,0
BRDA:662,134,0,1
BRDA:662,134,1,0
BRDA:671,135,0,18
BRDA:671,135,1,0
BRDA:673,136,0,1
BRDA:673,136,1,17
BRDA:678,137,0,0
BRDA:678,137,1,17
BRDA:678,138,0,17
BRDA:678,138,1,17
BRDA:683,139,0,17
BRDA:683,139,1,0
BRDA:683,139,2,0
BRDA:686,140,0,6
BRDA:686,140,1,11
BRDA:686,141,0,0
BRDA:686,141,1,11
BRDA:690,142,0,17
BRDA:690,142,1,11
BRDA:721,143,0,17
BRDA:721,143,1,0
BRDA:723,144,0,0
BRDA:723,144,1,17
BRDA:723,145,0,17
BRDA:723,145,1,17
BRDA:735,146,0,1
BRDA:735,146,1,16
BRDA:735,147,0,17
BRDA:735,147,1,17
BRDA:752,148,0,0
BRDA:752,148,1,16
BRDA:769,149,0,0
BRDA:769,149,1,0
BRDA:800,150,0,1
BRDA:800,150,1,1
BRDA:801,151,0,0
BRDA:801,151,1,1
BRDA:809,152,0,1
BRDA:809,152,1,1
BRDA:812,153,0,0
BRDA:812,153,1,1
BRDA:820,154,0,1
BRDA:820,154,1,1
BRDA:828,155,0,2
BRDA:828,155,1,1
BRDA:829,156,0,1
BRDA:829,156,1,1
BRDA:831,157,0,0
BRDA:831,157,1,1
BRDA:836,158,0,2
BRDA:836,158,1,1
BRDA:839,159,0,1
BRDA:839,159,1,1
BRDA:841,160,0,0
BRDA:841,160,1,1
BRDA:841,161,0,1
BRDA:841,161,1,1
BRDA:843,162,0,0
BRDA:843,162,1,1
BRDA:843,163,0,1
BRDA:843,163,1,1
BRDA:907,164,0,1
BRDA:907,164,1,0
BRDA:908,165,0,1
BRDA:908,165,1,0
BRDA:946,166,0,1
BRDA:946,166,1,1
BRDA:946,167,0,2
BRDA:946,167,1,2
BRDA:951,168,0,1
BRDA:951,168,1,0
BRDA:970,169,0,0
BRDA:970,169,1,2
BRDA:975,170,0,0
BRDA:975,170,1,2
BRDA:981,171,0,2
BRDA:981,171,1,0
BRDA:982,172,0,1
BRDA:982,172,1,1
BRDA:992,173,0,1
BRDA:992,173,1,0
BRDA:1006,174,0,0
BRDA:1006,174,1,0
BRDA:1008,175,0,0
BRDA:1008,175,1,0
BRDA:1017,176,0,0
BRDA:1017,176,1,0
BRDA:1038,177,0,0
BRDA:1038,177,1,0
BRDA:1043,178,0,0
BRDA:1043,178,1,0
BRDA:1064,179,0,2
BRDA:1064,179,1,3
BRDA:1064,180,0,5
BRDA:1064,180,1,4
BRDA:1069,181,0,2
BRDA:1069,181,1,1
BRDA:1092,182,0,3
BRDA:1092,182,1,0
BRDA:1093,183,0,0
BRDA:1093,183,1,0
BRDA:1094,184,0,1
BRDA:1094,184,1,0
BRDA:1124,185,0,0
BRDA:1124,185,1,4
BRDA:1135,186,0,0
BRDA:1135,186,1,4
BRDA:1135,187,0,4
BRDA:1135,187,1,4
BRDA:1135,187,2,4
BRDA:1140,188,0,0
BRDA:1140,188,1,4
BRDA:1146,189,0,4
BRDA:1146,189,1,0
BRDA:1152,190,0,4
BRDA:1152,190,1,0
BRDA:1162,191,0,3
BRDA:1162,191,1,0
BRDA:1163,192,0,3
BRDA:1163,192,1,3
BRDA:1177,193,0,3
BRDA:1177,193,1,0
BRDA:1199,194,0,0
BRDA:1199,194,1,2
BRDA:1204,195,0,0
BRDA:1204,195,1,2
BRDA:1209,196,0,1
BRDA:1209,196,1,1
BRDA:1234,197,0,0
BRDA:1234,197,1,2
BRDA:1239,198,0,0
BRDA:1239,198,1,2
BRDA:1278,199,0,0
BRDA:1278,199,1,2
BRDA:1283,200,0,0
BRDA:1283,200,1,2
BRDA:1284,201,0,2
BRDA:1284,201,1,2
BRDA:1295,202,0,0
BRDA:1295,202,1,2
BRDA:1295,203,0,2
BRDA:1295,203,1,2
BRDA:1295,203,2,2
BRDA:1300,204,0,0
BRDA:1300,204,1,2
BRDA:1306,205,0,2
BRDA:1306,205,1,0
BRDA:1308,206,0,2
BRDA:1308,206,1,0
BRDA:1309,207,0,2
BRDA:1309,207,1,2
BRDA:1316,208,0,2
BRDA:1316,208,1,0
BRDA:1318,209,0,2
BRDA:1318,209,1,0
BRDA:1326,210,0,1
BRDA:1326,210,1,1
BRDA:1331,211,0,0
BRDA:1331,211,1,1
BRDA:1331,212,0,0
BRDA:1331,212,1,0
BRDA:1332,213,0,0
BRDA:1332,213,1,1
BRDA:1332,214,0,0
BRDA:1332,214,1,0
BRDA:1333,215,0,0
BRDA:1333,215,1,1
BRDA:1333,216,0,0
BRDA:1333,216,1,0
BRDA:1336,217,0,1
BRDA:1336,217,1,0
BRDA:1337,218,0,0
BRDA:1337,218,1,1
BRDA:1345,219,0,0
BRDA:1345,219,1,1
BRDA:1352,220,0,2
BRDA:1352,220,1,0
BRDA:1375,221,0,0
BRDA:1375,221,1,1
BRDA:1380,222,0,0
BRDA:1380,222,1,1
BRDA:1381,223,0,1
BRDA:1381,223,1,0
BRDA:1402,224,0,0
BRDA:1402,224,1,1
BRDA:1409,225,0,0
BRDA:1409,225,1,1
BRDA:1414,226,0,0
BRDA:1414,226,1,1
BRDA:1415,227,0,1
BRDA:1415,227,1,1
BRDA:1415,227,2,0
BRDA:1437,228,0,1
BRDA:1437,228,1,0
BRDA:1438,229,0,1
BRDA:1438,229,1,0
BRDA:1494,230,0,0
BRDA:1494,230,1,1
BRDA:1501,231,0,0
BRDA:1501,231,1,1
BRDA:1506,232,0,1
BRDA:1506,232,1,0
BRDA:1507,233,0,1
BRDA:1507,233,1,0
BRDA:1535,234,0,0
BRDA:1535,234,1,2
BRDA:1540,235,0,0
BRDA:1540,235,1,2
BRDA:1548,236,0,1
BRDA:1548,236,1,1
BRDA:1597,237,0,1
BRDA:1597,237,1,0
BRDA:1599,238,0,0
BRDA:1599,238,1,1
BRDA:1604,239,0,1
BRDA:1604,239,1,0
BRDA:1604,239,2,0
BRDA:1605,240,0,0
BRDA:1605,240,1,1
BRDA:1610,241,0,1
BRDA:1610,241,1,0
BRDA:1632,242,0,0
BRDA:1632,242,1,1
BRDA:1638,243,0,0
BRDA:1638,243,1,1
BRDA:1643,244,0,0
BRDA:1643,244,1,1
BRDA:1674,245,0,0
BRDA:1674,245,1,1
BRDA:1680,246,0,0
BRDA:1680,246,1,1
BRDA:1685,247,0,0
BRDA:1685,247,1,1
BRDA:1714,248,0,0
BRDA:1714,248,1,3
BRDA:1719,249,0,0
BRDA:1719,249,1,3
BRDA:1724,250,0,0
BRDA:1724,250,1,3
BRDA:1761,251,0,0
BRDA:1761,251,1,1
BRDA:1766,252,0,0
BRDA:1766,252,1,1
BRDA:1771,253,0,0
BRDA:1771,253,1,1
BRDA:1821,254,0,2
BRDA:1821,254,1,0
BRDA:1822,255,0,2
BRDA:1822,255,1,0
BRDA:1832,256,0,2
BRDA:1832,256,1,2
BRDA:1835,257,0,0
BRDA:1835,257,1,2
BRDA:1852,258,0,0
BRDA:1852,258,1,2
BRDA:1852,259,0,2
BRDA:1852,259,1,2
BRDA:1853,260,0,0
BRDA:1853,260,1,2
BRDA:1854,261,0,0
BRDA:1854,261,1,2
BRDA:1862,262,0,0
BRDA:1862,262,1,2
BRDA:1862,263,0,2
BRDA:1862,263,1,2
BRDA:1865,264,0,2
BRDA:1865,264,1,0
BRDA:1867,265,0,2
BRDA:1867,265,1,0
BRDA:1868,266,0,2
BRDA:1868,266,1,0
BRDA:1869,267,0,2
BRDA:1869,267,1,0
BRDA:1870,268,0,2
BRDA:1870,268,1,0
BRDA:1871,269,0,2
BRDA:1871,269,1,0
BRDA:1872,270,0,2
BRDA:1872,270,1,2
BRDA:1873,271,0,2
BRDA:1873,271,1,0
BRDA:1874,272,0,2
BRDA:1874,272,1,2
BRDA:1875,273,0,2
BRDA:1875,273,1,0
BRDA:1876,274,0,2
BRDA:1876,274,1,0
BRDA:1879,275,0,2
BRDA:1879,275,1,0
BRDA:1880,276,0,2
BRDA:1880,276,1,0
BRDA:1882,277,0,2
BRDA:1882,277,1,0
BRDA:1910,278,0,0
BRDA:1910,278,1,1
BRDA:1915,279,0,0
BRDA:1915,279,1,1
BRDA:1923,280,0,0
BRDA:1923,280,1,1
BRDA:1923,281,0,1
BRDA:1923,281,1,1
BRDA:1931,282,0,1
BRDA:1931,282,1,0
BRDA:1940,283,0,1
BRDA:1940,283,1,0
BRDA:1946,284,0,1
BRDA:1946,284,1,0
BRDA:1946,285,0,1
BRDA:1946,285,1,1
BRDA:1952,286,0,1
BRDA:1952,286,1,0
BRDA:1954,287,0,1
BRDA:1954,287,1,0
BRDA:1961,288,0,1
BRDA:1961,288,1,0
BRDA:1963,289,0,1
BRDA:1963,289,1,0
BRDA:1991,290,0,0
BRDA:1991,290,1,1
BRDA:1996,291,0,0
BRDA:1996,291,1,1
BRDA:2004,292,0,0
BRDA:2004,292,1,1
BRDA:2004,293,0,1
BRDA:2004,293,1,1
BRDA:2016,294,0,0
BRDA:2016,294,1,1
BRDA:2023,295,0,1
BRDA:2023,295,1,0
BRDA:2033,296,0,1
BRDA:2033,296,1,0
BRDA:2038,297,0,1
BRDA:2038,297,1,0
BRDA:2038,298,0,1
BRDA:2038,298,1,1
BRDA:2044,299,0,1
BRDA:2044,299,1,0
BRDA:2052,300,0,1
BRDA:2052,300,1,0
BRDA:2076,301,0,1
BRDA:2076,301,1,0
BRDA:2077,302,0,1
BRDA:2077,302,1,0
BRDA:2108,303,0,2
BRDA:2108,303,1,0
BRDA:2109,304,0,2
BRDA:2109,304,1,0
BRDA:2138,305,0,2
BRDA:2138,305,1,0
BRDA:2140,306,0,2
BRDA:2140,306,1,0
BRDA:2141,307,0,2
BRDA:2141,307,1,1
BRDA:2142,308,0,2
BRDA:2142,308,1,0
BRDA:2143,309,0,2
BRDA:2143,309,1,1
BRDA:2144,310,0,2
BRDA:2144,310,1,1
BRDA:2145,311,0,1
BRDA:2145,311,1,1
BRDA:2149,312,0,0
BRDA:2149,312,1,2
BRDA:2149,313,0,2
BRDA:2149,313,1,2
BRDA:2149,313,2,2
BRDA:2149,313,3,2
BRDA:2157,314,0,1
BRDA:2157,314,1,1
BRDA:2164,315,0,0
BRDA:2164,315,1,1
BRDA:2164,316,0,1
BRDA:2164,316,1,1
BRDA:2182,317,0,1
BRDA:2182,317,1,0
BRDA:2182,317,2,0
BRDA:2194,318,0,1
BRDA:2194,318,1,0
BRDA:2206,319,0,1
BRDA:2206,319,1,0
BRDA:2226,320,0,0
BRDA:2226,320,1,1
BRDA:2231,321,0,0
BRDA:2231,321,1,1
BRDA:2259,322,0,0
BRDA:2259,322,1,2
BRDA:2265,323,0,2
BRDA:2265,323,1,0
BRDA:2266,324,0,2
BRDA:2266,324,1,0
BRDA:2267,325,0,2
BRDA:2267,325,1,0
BRDA:2271,326,0,2
BRDA:2271,326,1,1
BRDA:2279,327,0,0
BRDA:2279,327,1,0
BRDA:2283,328,0,0
BRDA:2283,328,1,0
BRDA:2324,329,0,0
BRDA:2324,329,1,3
BRF:646
BRH:382
end_of_record
TN:
SF:middleware/auth.js
FN:5,getAuthToken
FN:18,signAuthToken
FN:31,attachUserFromToken
FN:55,optionalAuth
FN:57,(anonymous_4)
FN:58,(anonymous_5)
FN:61,requireAuth
FN:63,(anonymous_7)
FN:71,(anonymous_8)
FN:76,requireRole
FN:77,(anonymous_10)
FN:92,requireAuthorOrAdmin
FNF:12
FNH:10
FNDA:55,getAuthToken
FNDA:16,signAuthToken
FNDA:55,attachUserFromToken
FNDA:9,optionalAuth
FNDA:9,(anonymous_4)
FNDA:0,(anonymous_5)
FNDA:46,requireAuth
FNDA:46,(anonymous_7)
FNDA:0,(anonymous_8)
FNDA:6,requireRole
FNDA:28,(anonymous_10)
FNDA:3,requireAuthorOrAdmin
DA:1,3
DA:3,3
DA:6,55
DA:8,55
DA:9,47
DA:12,8
DA:13,8
DA:15,8
DA:19,16
DA:32,55
DA:34,55
DA:35,8
DA:39,47
DA:40,47
DA:42,0
DA:45,47
DA:47,47
DA:48,0
DA:51,47
DA:52,47
DA:56,9
DA:57,9
DA:58,0
DA:62,46
DA:64,46
DA:65,2
DA:66,2
DA:69,44
DA:72,0
DA:77,6
DA:78,28
DA:79,0
DA:80,0
DA:83,28
DA:84,0
DA:85,0
DA:88,28
DA:93,3
DA:94,0
DA:95,0
DA:98,3
DA:99,0
DA:100,0
DA:103,3
DA:106,3
LF:45
LH:33
BRDA:6,0,0,55
BRDA:6,0,1,8
BRDA:8,1,0,47
BRDA:8,1,1,8
BRDA:12,2,0,8
BRDA:12,2,1,8
BRDA:15,3,0,0
BRDA:15,3,1,8
BRDA:34,4,0,8
BRDA:34,4,1,47
BRDA:47,5,0,0
BRDA:47,5,1,47
BRDA:47,6,0,47
BRDA:47,6,1,47
BRDA:64,7,0,2
BRDA:64,7,1,44
BRDA:78,8,0,0
BRDA:78,8,1,28
BRDA:83,9,0,0
BRDA:83,9,1,28
BRDA:93,10,0,0
BRDA:93,10,1,3
BRDA:98,11,0,0
BRDA:98,11,1,3
BRF:24
BRH:18
end_of_record
TN:
SF:models/Article.js
FNF:0
FNH:0
DA:1,3
DA:3,3
DA:5,3
DA:135,3
LF:4
LH:4
BRDA:135,0,0,3
BRDA:135,0,1,3
BRF:2
BRH:2
end_of_record
TN:
SF:models/Comment.js
FNF:0
FNH:0
DA:1,3
DA:3,3
DA:29,3
LF:3
LH:3
BRDA:29,0,0,3
BRDA:29,0,1,3
BRF:2
BRH:2
end_of_record
TN:
SF:models/Draft.js
FNF:0
FNH:0
DA:1,3
DA:3,3
DA:5,3
DA:104,3
LF:4
LH:4
BRDA:104,0,0,3
BRDA:104,0,1,3
BRF:2
BRH:2
end_of_record
TN:
SF:models/Profile.js
FNF:0
FNH:0
DA:1,3
DA:3,3
DA:67,3
LF:3
LH:3
BRDA:67,0,0,3
BRDA:67,0,1,3
BRF:2
BRH:2
end_of_record
TN:
SF:models/PublicationRequest.js
FNF:0
FNH:0
DA:1,3
DA:3,3
DA:54,3
DA:55,3
DA:56,3
DA:58,3
LF:6
LH:6
BRDA:58,0,0,3
BRDA:58,0,1,3
BRF:2
BRH:2
end_of_record
TN:
SF:models/PublishRequest.js
FNF:0
FNH:0
DA:1,3
DA:3,3
DA:53,3
LF:3
LH:3
BRDA:53,0,0,3
BRDA:53,0,1,3
BRF:2
BRH:2
end_of_record
TN:
SF:models/User.js
FNF:0
FNH:0
DA:1,3
DA:3,3
DA:52,3
LF:3
LH:3
BRDA:52,0,0,3
BRDA:52,0,1,3
BRF:2
BRH:2
end_of_record
TN:
SF:models/VerificationCode.js
FNF:0
FNH:0
DA:1,3
DA:3,3
DA:42,3
LF:3
LH:3
BRDA:43,0,0,3
BRDA:43,0,1,3
BRF:2
BRH:2
end_of_record
TN:
SF:services/userService.js
FN:5,defaultHeadlineForRole
FN:17,isDefaultHeadline
FN:25,createUniqueHandle
FN:43,ensureProfileForUser
FN:97,upsertUserByEmail
FN:127,ensureAdminAccount
FNF:6
FNH:5
FNDA:97,defaultHeadlineForRole
FNDA:20,isDefaultHeadline
FNDA:18,createUniqueHandle
FNDA:39,ensureProfileForUser
FNDA:34,upsertUserByEmail
FNDA:0,ensureAdminAccount
DA:1,3
DA:2,3
DA:3,3
DA:6,97
DA:7,32
DA:10,65
DA:11,21
DA:14,44
DA:18,20
DA:26,18
DA:27,18
DA:28,18
DA:30,18
DA:36,0
DA:37,0
DA:40,18
DA:44,39
DA:46,39
DA:50,39
DA:51,18
DA:64,18
DA:65,18
DA:68,21
DA:87,21
DA:89,21
DA:90,0
DA:93,21
DA:94,21
DA:98,34
DA:99,34
DA:100,34
DA:102,34
DA:104,34
DA:105,18
DA:109,16
DA:110,0
DA:111,0
DA:112,16
DA:113,0
DA:114,0
DA:117,34
DA:121,34
DA:128,0
DA:130,0
DA:131,0
DA:134,0
DA:140,3
LF:47
LH:36
BRDA:6,0,0,32
BRDA:6,0,1,65
BRDA:10,1,0,21
BRDA:10,1,1,44
BRDA:17,2,0,0
BRDA:25,3,0,18
BRDA:33,4,0,0
BRDA:33,4,1,18
BRDA:43,5,0,4
BRDA:46,6,0,39
BRDA:46,6,1,20
BRDA:46,6,2,0
BRDA:50,7,0,18
BRDA:50,7,1,21
BRDA:53,8,0,18
BRDA:53,8,1,0
BRDA:55,9,0,18
BRDA:55,9,1,18
BRDA:56,10,0,18
BRDA:56,10,1,18
BRDA:57,11,0,18
BRDA:57,11,1,18
BRDA:58,12,0,18
BRDA:58,12,1,18
BRDA:59,13,0,18
BRDA:59,13,1,18
BRDA:71,14,0,1
BRDA:71,14,1,20
BRDA:73,15,0,19
BRDA:73,15,1,1
BRDA:73,16,0,20
BRDA:73,16,1,20
BRDA:76,17,0,1
BRDA:76,17,1,20
BRDA:78,18,0,1
BRDA:78,18,1,20
BRDA:82,19,0,1
BRDA:82,19,1,20
BRDA:84,20,0,1
BRDA:84,20,1,20
BRDA:89,21,0,0
BRDA:89,21,1,21
BRDA:90,22,0,0
BRDA:90,22,1,0
BRDA:97,23,0,16
BRDA:99,24,0,34
BRDA:99,24,1,0
BRDA:99,24,2,0
BRDA:100,25,0,12
BRDA:100,25,1,22
BRDA:104,26,0,18
BRDA:104,26,1,16
BRDA:107,27,0,18
BRDA:107,27,1,0
BRDA:109,28,0,0
BRDA:109,28,1,16
BRDA:109,29,0,16
BRDA:109,29,1,6
BRDA:112,30,0,0
BRDA:112,30,1,16
BRDA:112,31,0,16
BRDA:112,31,1,6
BRDA:128,32,0,0
BRDA:128,32,1,0
BRDA:128,32,2,0
BRDA:130,33,0,0
BRDA:130,33,1,0
BRF:67
BRH:50
end_of_record
TN:
SF:utils/articleUtils.js
FN:3,sanitizeHtmlInput
FN:12,stripBase64Images
FN:17,buildArticleContent
FN:24,(anonymous_3)
FN:56,buildSummary
FNF:5
FNH:4
FNDA:12,sanitizeHtmlInput
FNDA:0,stripBase64Images
FNDA:12,buildArticleContent
FNDA:1,(anonymous_3)
FNDA:14,buildSummary
DA:1,3
DA:4,12
DA:14,0
DA:18,12
DA:19,12
DA:20,12
DA:22,12
DA:25,1
DA:27,1
DA:28,0
DA:31,1
DA:32,1
DA:33,1
DA:35,1
DA:36,1
DA:38,1
DA:44,1
DA:48,12
DA:57,14
DA:59,14
DA:60,13
DA:63,1
DA:66,3
LF:23
LH:21
BRDA:3,0,0,0
BRDA:12,1,0,0
BRDA:17,2,0,0
BRDA:18,3,0,12
BRDA:18,3,1,0
BRDA:27,4,0,0
BRDA:27,4,1,1
BRDA:32,5,0,1
BRDA:32,5,1,1
BRDA:35,6,0,1
BRDA:35,6,1,0
BRDA:56,7,0,0
BRDA:56,8,0,0
BRDA:59,9,0,13
BRDA:59,9,1,1
BRF:15
BRH:7
end_of_record
TN:
SF:utils/mail.js
FN:5,getTransporter
FN:21,sendEmail
FN:33,sendOtpEmail
FN:52,sendWriterAccessGrantedEmail
FN:76,sendWriterAccessRevokedEmail
FNF:5
FNH:5
FNDA:4,getTransporter
FNDA:4,sendEmail
FNDA:1,sendOtpEmail
FNDA:1,sendWriterAccessGrantedEmail
FNDA:1,sendWriterAccessRevokedEmail
DA:1,3
DA:6,4
DA:7,1
DA:18,4
DA:22,4
DA:24,4
DA:34,1
DA:53,1
DA:77,1
DA:99,3
LF:10
LH:10
BRDA:6,0,0,1
BRDA:6,0,1,3
BRDA:8,1,0,1
BRDA:8,1,1,0
BRDA:9,2,0,1
BRDA:9,2,1,0
BRDA:10,3,0,1
BRDA:10,3,1,0
BRF:8
BRH:5
end_of_record
TN:
SF:utils/serializers.js
FN:6,toIdString
FN:10,hasId
FN:12,(anonymous_2)
FN:15,buildProfileMap
FN:19,(anonymous_4)
FN:20,(anonymous_5)
FN:29,(anonymous_6)
FN:32,serializeProfile
FN:52,serializeViewer
FN:70,serializeContentDocument
FN:115,getArticlePublicationStatus
FN:131,serializeArticle
FN:145,serializeDraft
FN:156,serializeComment
FNF:14
FNH:14
FNDA:244,toIdString
FNDA:56,hasId
FNDA:4,(anonymous_2)
FNDA:25,buildProfileMap
FNDA:25,(anonymous_4)
FNDA:25,(anonymous_5)
FNDA:25,(anonymous_6)
FNDA:50,serializeProfile
FNDA:42,serializeViewer
FNDA:20,serializeContentDocument
FNDA:13,getArticlePublicationStatus
FNDA:13,serializeArticle
FNDA:7,serializeDraft
FNDA:2,serializeComment
DA:1,3
DA:3,3
DA:4,3
DA:7,244
DA:11,56
DA:12,56
DA:16,25
DA:19,25
DA:20,25
DA:24,25
DA:25,3
DA:28,22
DA:29,25
DA:33,50
DA:34,2
DA:37,48
DA:53,42
DA:55,42
DA:63,42
DA:64,18
DA:67,42
DA:78,20
DA:80,20
DA:108,20
DA:109,14
DA:112,20
DA:116,13
DA:117,0
DA:120,13
DA:121,13
DA:124,0
DA:125,0
DA:128,0
DA:132,13
DA:133,13
DA:135,13
DA:146,7
DA:157,2
DA:159,2
DA:167,3
LF:40
LH:36
BRDA:7,0,0,244
BRDA:7,0,1,0
BRDA:10,1,0,0
BRDA:15,2,0,0
BRDA:24,3,0,3
BRDA:24,3,1,22
BRDA:33,4,0,2
BRDA:33,4,1,48
BRDA:33,5,0,50
BRDA:33,5,1,48
BRDA:40,6,0,48
BRDA:40,6,1,0
BRDA:41,7,0,48
BRDA:41,7,1,0
BRDA:42,8,0,48
BRDA:42,8,1,41
BRDA:43,9,0,48
BRDA:43,9,1,41
BRDA:44,10,0,48
BRDA:44,10,1,41
BRDA:45,11,0,48
BRDA:45,11,1,41
BRDA:46,12,0,48
BRDA:46,12,1,47
BRDA:47,13,0,48
BRDA:47,13,1,48
BRDA:48,14,0,43
BRDA:48,14,1,5
BRDA:52,15,0,24
BRDA:63,16,0,18
BRDA:63,16,1,24
BRDA:70,17,0,0
BRDA:73,18,0,0
BRDA:74,19,0,0
BRDA:75,20,0,0
BRDA:76,21,0,0
BRDA:78,22,0,20
BRDA:78,22,1,0
BRDA:87,23,0,20
BRDA:87,23,1,20
BRDA:88,24,0,20
BRDA:88,24,1,0
BRDA:89,25,0,20
BRDA:89,25,1,7
BRDA:91,26,0,20
BRDA:91,26,1,7
BRDA:91,26,2,7
BRDA:92,27,0,20
BRDA:92,27,1,7
BRDA:93,28,0,20
BRDA:93,28,1,7
BRDA:100,29,0,20
BRDA:100,29,1,18
BRDA:103,30,0,7
BRDA:103,30,1,13
BRDA:103,31,0,20
BRDA:103,31,1,11
BRDA:104,32,0,20
BRDA:104,32,1,0
BRDA:108,33,0,14
BRDA:108,33,1,6
BRDA:116,34,0,0
BRDA:116,34,1,13
BRDA:120,35,0,13
BRDA:120,35,1,0
BRDA:124,36,0,0
BRDA:124,36,1,0
BRDA:128,37,0,0
BRDA:128,37,1,0
BRDA:131,38,0,0
BRDA:131,39,0,0
BRDA:145,40,0,0
BRDA:145,41,0,0
BRDA:151,42,0,7
BRDA:151,42,1,0
BRDA:156,43,0,0
BRDA:157,44,0,2
BRDA:157,44,1,0
BRF:78
BRH:52
end_of_record
TN:
SF:utils/stringUtils.js
FN:3,normalizeEmail
FN:7,toDisplayName
FN:18,(anonymous_2)
FN:22,slugify
FN:34,stripHtml
FN:38,estimateReadTime
FN:44,generateOtpCode
FN:48,hashValue
FNF:8
FNH:5
FNDA:128,normalizeEmail
FNDA:0,toDisplayName
FNDA:0,(anonymous_2)
FNDA:30,slugify
FNDA:26,stripHtml
FNDA:12,estimateReadTime
FNDA:0,generateOtpCode
FNDA:34,hashValue
DA:1,3
DA:4,128
DA:8,0
DA:13,0
DA:14,0
DA:17,0
DA:18,0
DA:23,30
DA:31,30
DA:35,26
DA:39,12
DA:40,12
DA:41,12
DA:45,0
DA:49,34
DA:52,3
LF:16
LH:10
BRDA:3,0,0,0
BRDA:7,1,0,0
BRDA:13,2,0,0
BRDA:13,2,1,0
BRDA:22,3,0,0
BRDA:31,4,0,30
BRDA:31,4,1,0
BRDA:34,5,0,0
BRDA:38,6,0,0
BRF:9
BRH:1
end_of_record
